[main] INFO Log -  The Expected Text of the OrangeHRM Application LogIn Page is :- LOGIN Panel
[main] INFO Log -  The Actual Text of the OrangeHRM Application LogIn Page is :- LOGIN Panel
[main] INFO Log -  Successfully navigated to OrangeHRM Application LogIn Page - PASS 
[main] INFO Log -  *****  Successfully Close the Browser along with OrangeHRM Application 
[main] INFO Log -  The Expected Text of the OrangeHRM Application LogIn Page is :- LOGIN Panel
[main] INFO Log -  The Actual Text of the OrangeHRM Application LogIn Page is :- LOGIN Panel
[main] INFO Log -  Successfully navigated to OrangeHRM Application LogIn Page - PASS 
[main] INFO Log - ********Login Successfully completed**********
[main] INFO Log -  The Expected Text of the OrangeHRM Application LogIn Page is :- LOGIN Panel
[main] INFO Log -  The Actual Text of the OrangeHRM Application LogIn Page is :- LOGIN Panel
[main] INFO Log -  Successfully navigated to OrangeHRM Application LogIn Page - PASS 
[main] INFO Log -  *****  Successfully Close the Browser along with OrangeHRM Application 
[main] INFO Log -  The Expected Text of the OrangeHRM Application LogIn Page is :- LOGIN Panel
[main] INFO Log -  The Actual Text of the OrangeHRM Application LogIn Page is :- LOGIN Panel
[main] INFO Log -  Successfully navigated to OrangeHRM Application LogIn Page - PASS 
[main] INFO Log - ********Login Successfully completed**********
[main] INFO Log -  The Expected Text of the OrangeHRM Application HomePage is :- Welcome
[main] INFO Log -  The Actual Text of the OrangeHRM Application HomePage is :- Welcome Admin
[main] INFO Log -  Successfully Navigated to OrangeHRM Application HomePage - PASS
[main] INFO Log -  The Expected Text of the OrangeHRM Application LogIn Page is :- LOGIN Panel
[main] INFO Log -  The Actual Text of the OrangeHRM Application LogIn Page is :- LOGIN Panel
[main] INFO Log -  Successfully navigated to OrangeHRM Application LogIn Page - PASS 
[main] INFO Log -  *****  Successfully Close the Browser along with OrangeHRM Application 
[main] INFO Log -  The Expected Text of the OrangeHRM Application LogIn Page is :- LOGIN Panel
[main] INFO Log -  The Actual Text of the OrangeHRM Application LogIn Page is :- LOGIN Panel
[main] INFO Log -  Successfully navigated to OrangeHRM Application LogIn Page - PASS 
[main] INFO Log - ********Login Successfully completed**********
[main] INFO Log -  The Expected Text of the OrangeHRM Application HomePage is :- Welcome
[main] INFO Log -  The Actual Text of the OrangeHRM Application HomePage is :- Welcome Admin
[main] INFO Log -  Successfully Navigated to OrangeHRM Application HomePage - PASS
[main] INFO Log -  The Expected Text of the OrangeHRM Application LogIn Page is :- LOGIN Panel
[main] INFO Log -  The Actual Text of the OrangeHRM Application LogIn Page is :- LOGIN Panel
[main] INFO Log -  Successfully navigated to OrangeHRM Application LogIn Page - PASS 
[main] INFO Log -  *****  Successfully Close the Browser along with OrangeHRM Application 
[main] INFO Log -  The Expected Text of the OrangeHRM Application LogIn Page is :- LOGIN Panel
[main] INFO Log -  The Actual Text of the OrangeHRM Application LogIn Page is :- LOGIN Panel
[main] INFO Log -  Successfully navigated to OrangeHRM Application LogIn Page - PASS 
[main] INFO Log - ********Login Successfully completed**********
[main] INFO Log -  The Expected Text of the OrangeHRM Application HomePage is :- Welcome
[main] INFO Log -  The Actual Text of the OrangeHRM Application HomePage is :- Welcome Admin
[main] INFO Log -  Successfully Navigated to OrangeHRM Application HomePage - PASS
[main] INFO Log -  The Expected Text of the OrangeHRM Application LogIn Page is :- LOGIN Panel
[main] INFO Log -  The Actual Text of the OrangeHRM Application LogIn Page is :- LOGIN Panel
[main] INFO Log -  Successfully navigated to OrangeHRM Application LogIn Page - PASS 
[main] INFO Log -  *****  Successfully Close the Browser along with OrangeHRM Application 
[main] INFO Log -  The Expected Text of the OrangeHRM Application LogIn Page is :- LOGIN Panel
[main] INFO Log -  The Actual Text of the OrangeHRM Application LogIn Page is :- LOGIN Panel
[main] INFO Log -  Successfully navigated to OrangeHRM Application LogIn Page - PASS 
[main] INFO Log - ********Login Successfully completed**********
[main] INFO Log -  The Expected Text of the OrangeHRM Application HomePage is :- Welcome
[main] INFO Log -  The Actual Text of the OrangeHRM Application HomePage is :- Welcome Admin
[main] INFO Log -  Successfully Navigated to OrangeHRM Application HomePage - PASS
[main] INFO Log -  The Expected Text of the OrangeHRM Application LogIn Page is :- LOGIN Panel
[main] INFO Log -  The Actual Text of the OrangeHRM Application LogIn Page is :- LOGIN Panel
[main] INFO Log -  Successfully navigated to OrangeHRM Application LogIn Page - PASS 
[main] INFO Log -  *****  Successfully Close the Browser along with OrangeHRM Application 
[main] INFO Log -  The Expected Text of the OrangeHRM Application LogIn Page is :- LOGIN Panel
[main] INFO Log -  The Actual Text of the OrangeHRM Application LogIn Page is :- LOGIN Panel
[main] INFO Log -  Successfully navigated to OrangeHRM Application LogIn Page - PASS 
[main] INFO Log - ********Login Successfully completed**********
[main] INFO Log -  The Expected Text of the OrangeHRM Application HomePage is :- Welcome
[main] INFO Log -  The Actual Text of the OrangeHRM Application HomePage is :- Welcome Admin
[main] INFO Log -  Successfully Navigated to OrangeHRM Application HomePage - PASS
[main] INFO Log - ******WelCome************
[main] INFO Log - *************Logout is Completed********
[main] INFO Log -  The Expected Text of the OrangeHRM Application LogIn Page is :- LOGIN Panel
[main] INFO Log -  The Actual Text of the OrangeHRM Application LogIn Page is :- LOGIN Panel
[main] INFO Log -  Successfully navigated to OrangeHRM Application LogIn Page - PASS 
[main] INFO Log -  *****  Successfully Close the Browser along with OrangeHRM Application 
[main] INFO Log -  The Expected Text of the OrangeHRM Application LogIn Page is :- LOGIN Panel
[main] INFO Log -  The Actual Text of the OrangeHRM Application LogIn Page is :- LOGIN Panel
[main] INFO Log -  Successfully navigated to OrangeHRM Application LogIn Page - PASS 
[main] INFO Log -  *****  Successfully Close the Browser along with OrangeHRM Application 
[main] INFO Log -  The Expected Text of the OrangeHRM Application LogIn Page is :- LOGIN Panel
[main] INFO Log -  The Actual Text of the OrangeHRM Application LogIn Page is :- LOGIN Panel
[main] INFO Log -  Successfully navigated to OrangeHRM Application LogIn Page - PASS 
[main] INFO Log - ********Login Successfully completed**********
[main] INFO Log -  The Expected Text of the OrangeHRM Application HomePage is :- Welcome
[main] INFO Log -  The Actual Text of the OrangeHRM Application HomePage is :- Welcome Admin
[main] INFO Log -  Successfully Navigated to OrangeHRM Application HomePage - PASS
[main] INFO Log - ******WelCome************
[main] INFO Log - *************Logout is Completed********
[main] INFO Log -  The Expected Text of the OrangeHRM Application LogIn Page is :- LOGIN Panel
[main] INFO Log -  The Actual Text of the OrangeHRM Application LogIn Page is :- LOGIN Panel
[main] INFO Log -  Successfully navigated to OrangeHRM Application LogIn Page - PASS 
[main] INFO Log -  *****  Successfully Close the Browser along with OrangeHRM Application 
[main] INFO Log -  The Expected Text of the OrangeHRM Application LogIn Page is :- LOGIN Panel
[main] INFO Log -  The Actual Text of the OrangeHRM Application LogIn Page is :- LOGIN Panel
[main] INFO Log -  Successfully navigated to OrangeHRM Application LogIn Page - PASS 
[main] INFO Log - ********Login Successfully completed**********
[main] INFO Log -  The Expected Text of the OrangeHRM Application HomePage is :- Welcome
[main] INFO Log -  The Actual Text of the OrangeHRM Application HomePage is :- Welcome Admin
[main] INFO Log -  Successfully Navigated to OrangeHRM Application HomePage - PASS
[main] INFO Log - ******WelCome************
[main] INFO Log - *************Logout is Completed********
[main] INFO Log -  The Expected Text of the OrangeHRM Application LogIn Page is :- LOGIN Panel
[main] INFO Log -  The Actual Text of the OrangeHRM Application LogIn Page is :- LOGIN Panel
[main] INFO Log -  Successfully navigated to OrangeHRM Application LogIn Page - PASS 
[main] INFO Log -  *****  Successfully Close the Browser along with OrangeHRM Application 
[main] INFO Log -  The Expected Text of the OrangeHRM Application LogIn Page is :- LOGIN Panel
[main] INFO Log -  The Actual Text of the OrangeHRM Application LogIn Page is :- LOGIN Panel
[main] INFO Log -  Successfully navigated to OrangeHRM Application LogIn Page - PASS 
[main] INFO Log - ********Login Successfully completed**********
[main] INFO Log -  The Expected Text of the OrangeHRM Application HomePage is :- Welcome
[main] INFO Log -  The Actual Text of the OrangeHRM Application HomePage is :- Welcome Admin
[main] INFO Log -  Successfully Navigated to OrangeHRM Application HomePage - PASS
[main] INFO Log - ******WelCome************
[main] INFO Log - *************Logout is Completed********
[main] INFO Log -  The Expected Text of the OrangeHRM Application LogIn Page is :- LOGIN Panel
[main] INFO Log -  The Actual Text of the OrangeHRM Application LogIn Page is :- LOGIN Panel
[main] INFO Log -  Successfully navigated to OrangeHRM Application LogIn Page - PASS 
[main] INFO Log -  *****  Successfully Close the Browser along with OrangeHRM Application 
[main] INFO Log -  The Expected Text of the OrangeHRM Application LogIn Page is :- LOGIN Panel
[main] INFO Log -  The Actual Text of the OrangeHRM Application LogIn Page is :- LOGIN Panel
[main] INFO Log -  Successfully navigated to OrangeHRM Application LogIn Page - PASS 
[main] INFO Log - ********Login Successfully completed**********
[main] INFO Log -  The Expected Text of the OrangeHRM Application HomePage is :- Welcome
[main] INFO Log -  The Actual Text of the OrangeHRM Application HomePage is :- Welcome Admin
[main] INFO Log -  Successfully Navigated to OrangeHRM Application HomePage - PASS
[main] INFO Log - ******WelCome************
[main] INFO Log - *************Logout is Completed********
[main] INFO Log -  The Expected Text of the OrangeHRM Application LogIn Page is :- LOGIN Panel
[main] INFO Log -  The Actual Text of the OrangeHRM Application LogIn Page is :- LOGIN Panel
[main] INFO Log -  Successfully navigated to OrangeHRM Application LogIn Page - PASS 
[main] INFO Log -  *****  Successfully Close the Browser along with OrangeHRM Application 
[main] INFO Log -  The Expected Text of the OrangeHRM Application LogIn Page is :- LOGIN Panel
[main] INFO Log -  The Actual Text of the OrangeHRM Application LogIn Page is :- LOGIN Panel
[main] INFO Log -  Successfully navigated to OrangeHRM Application LogIn Page - PASS 
[main] INFO Log - ********Login Successfully completed**********
[main] INFO Log -  The Expected Text of the OrangeHRM Application HomePage is :- Welcome
[main] INFO Log -  The Actual Text of the OrangeHRM Application HomePage is :- Welcome Admin
[main] INFO Log -  Successfully Navigated to OrangeHRM Application HomePage - PASS
[main] INFO Log - ******WelCome************
[main] INFO Log - *************Logout is Completed********
[main] INFO Log -  The Expected Text of the OrangeHRM Application LogIn Page is :- LOGIN Panel
[main] INFO Log -  The Actual Text of the OrangeHRM Application LogIn Page is :- LOGIN Panel
[main] INFO Log -  Successfully navigated to OrangeHRM Application LogIn Page - PASS 
[main] INFO Log -  *****  Successfully Close the Browser along with OrangeHRM Application 
[main] INFO Log -  The Expected Text of the OrangeHRM Application LogIn Page is :- LOGIN Panel
[main] INFO Log -  The Actual Text of the OrangeHRM Application LogIn Page is :- LOGIN Panel
[main] INFO Log -  Successfully navigated to OrangeHRM Application LogIn Page - PASS 
[main] INFO Log - ********Login Successfully completed**********
[main] INFO Log -  The Expected Text of the OrangeHRM Application HomePage is :- Welcome
[main] INFO Log -  The Actual Text of the OrangeHRM Application HomePage is :- Welcome Admin
[main] INFO Log -  Successfully Navigated to OrangeHRM Application HomePage - PASS
[main] INFO Log - ******WelCome************
[main] INFO Log - *************Logout is Completed********
[main] INFO Log -  The Expected Text of the OrangeHRM Application LogIn Page is :- LOGIN Panel
[main] INFO Log -  The Actual Text of the OrangeHRM Application LogIn Page is :- LOGIN Panel
[main] INFO Log -  Successfully navigated to OrangeHRM Application LogIn Page - PASS 
[main] INFO Log -  *****  Successfully Close the Browser along with OrangeHRM Application 
[main] INFO Log -  The Expected Text of the OrangeHRM Application LogIn Page is :- LOGIN Panel
[main] INFO Log -  The Actual Text of the OrangeHRM Application LogIn Page is :- LOGIN Panel
[main] INFO Log -  Successfully navigated to OrangeHRM Application LogIn Page - PASS 
[main] INFO Log - ********Login Successfully completed**********
[main] INFO Log -  The Expected Text of the OrangeHRM Application HomePage is :- Welcome
[main] INFO Log -  The Actual Text of the OrangeHRM Application HomePage is :- Welcome Admin
[main] INFO Log -  Successfully Navigated to OrangeHRM Application HomePage - PASS
[main] INFO Log - ******WelCome************
[main] INFO Log - *************Logout is Completed********
[main] INFO Log -  The Expected Text of the OrangeHRM Application LogIn Page is :- LOGIN Panel
[main] INFO Log -  The Actual Text of the OrangeHRM Application LogIn Page is :- LOGIN Panel
[main] INFO Log -  Successfully navigated to OrangeHRM Application LogIn Page - PASS 
[main] INFO Log -  *****  Successfully Close the Browser along with OrangeHRM Application 
[main] INFO Log -  The Expected Text of the OrangeHRM Application LogIn Page is :- LOGIN Panel
[main] INFO Log -  The Actual Text of the OrangeHRM Application LogIn Page is :- LOGIN Panel
[main] INFO Log -  Successfully navigated to OrangeHRM Application LogIn Page - PASS 
[main] INFO Log - ********Login Successfully completed**********
[main] INFO Log -  The Expected Text of the OrangeHRM Application HomePage is :- Welcome
[main] INFO Log -  The Actual Text of the OrangeHRM Application HomePage is :- Welcome Admin
[main] INFO Log -  Successfully Navigated to OrangeHRM Application HomePage - PASS
[main] INFO Log - ******WelCome************
[main] INFO Log - *************Logout is Completed********
[main] INFO Log -  The Expected Text of the OrangeHRM Application LogIn Page is :- LOGIN Panel
[main] INFO Log -  The Actual Text of the OrangeHRM Application LogIn Page is :- LOGIN Panel
[main] INFO Log -  Successfully navigated to OrangeHRM Application LogIn Page - PASS 
[main] INFO Log -  *****  Successfully Close the Browser along with OrangeHRM Application 
[main] INFO Log -  The Expected Text of the OrangeHRM Application LogIn Page is :- LOGIN Panel
[main] INFO Log -  The Actual Text of the OrangeHRM Application LogIn Page is :- LOGIN Panel
[main] INFO Log -  Successfully navigated to OrangeHRM Application LogIn Page - PASS 
[main] INFO Log - ********Login Successfully completed**********
[main] INFO Log -  The Expected Text of the OrangeHRM Application HomePage is :- Welcome
[main] INFO Log -  The Actual Text of the OrangeHRM Application HomePage is :- Welcome Admin
[main] INFO Log -  Successfully Navigated to OrangeHRM Application HomePage - PASS
[main] INFO Log - ******WelCome************
[main] INFO Log - *************Logout is Completed********
[main] INFO Log -  The Expected Text of the OrangeHRM Application LogIn Page is :- LOGIN Panel
[main] INFO Log -  The Actual Text of the OrangeHRM Application LogIn Page is :- LOGIN Panel
[main] INFO Log -  Successfully navigated to OrangeHRM Application LogIn Page - PASS 
[main] INFO Log -  *****  Successfully Close the Browser along with OrangeHRM Application 
[main] INFO Log -  The Expected Text of the OrangeHRM Application LogIn Page is :- LOGIN Panel
[main] INFO Log -  The Actual Text of the OrangeHRM Application LogIn Page is :- LOGIN Panel
[main] INFO Log -  Successfully navigated to OrangeHRM Application LogIn Page - PASS 
[main] INFO Log -  *****  Successfully Close the Browser along with OrangeHRM Application 
[main] INFO Log -  The Expected Text of the OrangeHRM Application LogIn Page is :- LOGIN Panel
[main] INFO Log -  The Actual Text of the OrangeHRM Application LogIn Page is :- LOGIN Panel
[main] INFO Log -  Successfully navigated to OrangeHRM Application LogIn Page - PASS 
[main] INFO Log - ********Login Successfully completed**********
[main] INFO Log -  The Expected Text of the OrangeHRM Application HomePage is :- Welcome
[main] INFO Log -  The Actual Text of the OrangeHRM Application HomePage is :- Welcome Admin
[main] INFO Log -  Successfully Navigated to OrangeHRM Application HomePage - PASS
[main] INFO Log - ******WelCome************
[main] INFO Log - *************Logout is Completed********
[main] INFO Log -  The Expected Text of the OrangeHRM Application LogIn Page is :- LOGIN Panel
[main] INFO Log -  The Actual Text of the OrangeHRM Application LogIn Page is :- LOGIN Panel
[main] INFO Log -  Successfully navigated to OrangeHRM Application LogIn Page - PASS 
[main] INFO Log -  *****  Successfully Close the Browser along with OrangeHRM Application 
[main] INFO Log -  The Expected Text of the OrangeHRM Application LogIn Page is :- LOGIN Panel
[main] INFO Log -  The Actual Text of the OrangeHRM Application LogIn Page is :- LOGIN Panel
[main] INFO Log -  Successfully navigated to OrangeHRM Application LogIn Page - PASS 
[main] INFO Log -  *****  Successfully Close the Browser along with OrangeHRM Application 
[main] INFO Log -  The Expected Text of the OrangeHRM Application LogIn Page is :- LOGIN Panel
[main] INFO Log -  The Actual Text of the OrangeHRM Application LogIn Page is :- LOGIN Panel
[main] INFO Log -  Successfully navigated to OrangeHRM Application LogIn Page - PASS 
[main] INFO Log - ********Login Successfully completed**********
[main] INFO Log -  The Expected Text of the OrangeHRM Application HomePage is :- Welcome
[main] INFO Log -  The Actual Text of the OrangeHRM Application HomePage is :- Welcome Admin
[main] INFO Log -  Successfully Navigated to OrangeHRM Application HomePage - PASS
[main] INFO Log - ******WelCome************
[main] INFO Log - *************Logout is Completed********
[main] INFO Log -  The Expected Text of the OrangeHRM Application LogIn Page is :- LOGIN Panel
[main] INFO Log -  The Actual Text of the OrangeHRM Application LogIn Page is :- LOGIN Panel
[main] INFO Log -  Successfully navigated to OrangeHRM Application LogIn Page - PASS 
[main] INFO Log -  *****  Successfully Close the Browser along with OrangeHRM Application 
[main] INFO Log -  The Expected Text of the OrangeHRM Application LogIn Page is :- LOGIN Panel
[main] INFO Log -  The Actual Text of the OrangeHRM Application LogIn Page is :- LOGIN Panel
[main] INFO Log -  Successfully navigated to OrangeHRM Application LogIn Page - PASS 
[main] INFO Log -  *****  Successfully Close the Browser along with OrangeHRM Application 
[main] INFO Log -  The Expected Text of the OrangeHRM Application LogIn Page is :- LOGIN Panel
[main] INFO Log -  The Actual Text of the OrangeHRM Application LogIn Page is :- LOGIN Panel
[main] INFO Log -  Successfully navigated to OrangeHRM Application LogIn Page - PASS 
[main] INFO Log - ********Login Successfully completed**********
[main] INFO Log -  The Expected Text of the OrangeHRM Application HomePage is :- Welcome
[main] INFO Log -  The Actual Text of the OrangeHRM Application HomePage is :- Welcome Admin
[main] INFO Log -  Successfully Navigated to OrangeHRM Application HomePage - PASS
[main] INFO Log - ******WelCome************
[main] INFO Log - *************Logout is Completed********
[main] INFO Log -  The Expected Text of the OrangeHRM Application LogIn Page is :- LOGIN Panel
[main] INFO Log -  The Actual Text of the OrangeHRM Application LogIn Page is :- LOGIN Panel
[main] INFO Log -  Successfully navigated to OrangeHRM Application LogIn Page - PASS 
[main] INFO Log -  *****  Successfully Close the Browser along with OrangeHRM Application 
