[main] INFO Log -  *** Chrome Browser Launched Successfully ********
[main] INFO Log -  Entered OrangeHRM Application Url Address 
[main] INFO Log -  The Expected Text of the OrangeHRM Application LogIn Page is :- LOGIN Panel
[main] INFO Log -  The Actual Text of the OrangeHRM Application LogIn Page is :- LOGIN Panel
[main] INFO Log -  Successfully navigated to OrangeHRM Application LogIn Page - PASS 
[main] INFO Log -  *** Chrome Browser Launched Successfully ********
[main] INFO Log -  Entered OrangeHRM Application Url Address 
[main] INFO Log -  The Expected Text of the OrangeHRM Application LogIn Page is :- LOGIN Panel
[main] INFO Log -  The Actual Text of the OrangeHRM Application LogIn Page is :- LOGIN Panel
[main] INFO Log -  Successfully navigated to OrangeHRM Application LogIn Page - PASS 
[main] INFO Log - srini
[main] INFO Log - Q@Trainer7
[main] INFO Log -  The Expected Text of the OrangeHRM Application HomePage is :- Welcome
[main] INFO Log -  *** Chrome Browser Launched Successfully ********
[main] INFO Log -  Entered OrangeHRM Application Url Address 
[main] INFO Log -  The Expected Text of the OrangeHRM Application LogIn Page is :- LOGIN Panel
[main] INFO Log -  The Actual Text of the OrangeHRM Application LogIn Page is :- LOGIN Panel
[main] INFO Log -  Successfully navigated to OrangeHRM Application LogIn Page - PASS 
[main] INFO Log - srini
[main] INFO Log - Q@Trainer7
[main] INFO Log -  The Expected Text of the OrangeHRM Application HomePage is :- Welcome
[main] INFO Log -  *** Chrome Browser Launched Successfully ********
[main] INFO Log -  Entered OrangeHRM Application Url Address 
[main] INFO Log -  The Expected Text of the OrangeHRM Application LogIn Page is :- LOGIN Panel
[main] INFO Log -  The Actual Text of the OrangeHRM Application LogIn Page is :- LOGIN Panel
[main] INFO Log -  Successfully navigated to OrangeHRM Application LogIn Page - PASS 
[main] INFO Log - srini
[main] INFO Log - Q@Trainer
[main] INFO Log -  The Expected Text of the OrangeHRM Application HomePage is :- Welcome
[main] INFO Log -  *** Chrome Browser Launched Successfully ********
[main] INFO Log -  Entered OrangeHRM Application Url Address 
[main] INFO Log -  The Expected Text of the OrangeHRM Application LogIn Page is :- LOGIN Panel
[main] INFO Log -  The Actual Text of the OrangeHRM Application LogIn Page is :- LOGIN Panel
[main] INFO Log -  Successfully navigated to OrangeHRM Application LogIn Page - PASS 
[main] INFO Log - Hello
[main] INFO Log - Chello
[main] INFO Log -  The Expected Text of the OrangeHRM Application HomePage is :- Welcome
[main] INFO Log -  *** Chrome Browser Launched Successfully ********
[main] INFO Log -  Entered OrangeHRM Application Url Address 
[main] INFO Log -  The Expected Text of the OrangeHRM Application LogIn Page is :- LOGIN Panel
[main] INFO Log -  The Actual Text of the OrangeHRM Application LogIn Page is :- LOGIN Panel
[main] INFO Log -  Successfully navigated to OrangeHRM Application LogIn Page - PASS 
[main] INFO Log - srini
[main] INFO Log - Q@Trainer7
[main] INFO Log -  The Expected Text of the OrangeHRM Application HomePage is :- Welcome
[main] INFO Log -  *** Chrome Browser Launched Successfully ********
[main] INFO Log -  Entered OrangeHRM Application Url Address 
[main] INFO Log -  The Expected Text of the OrangeHRM Application LogIn Page is :- LOGIN Panel
[main] INFO Log -  The Actual Text of the OrangeHRM Application LogIn Page is :- LOGIN Panel
[main] INFO Log -  Successfully navigated to OrangeHRM Application LogIn Page - PASS 
[main] INFO Log -  *** Chrome Browser Launched Successfully ********
[main] INFO Log -  Entered OrangeHRM Application Url Address 
[main] INFO Log -  The Expected Text of the OrangeHRM Application LogIn Page is :- LOGIN Panel
[main] INFO Log -  The Actual Text of the OrangeHRM Application LogIn Page is :- LOGIN Panel
[main] INFO Log -  Successfully navigated to OrangeHRM Application LogIn Page - PASS 
[main] INFO Log - srini
[main] INFO Log - Q@Trainer7
[main] INFO Log -  The Expected Text of the OrangeHRM Application HomePage is :- Welcome
[main] INFO Log -  *** Chrome Browser Launched Successfully ********
[main] INFO Log -  Entered OrangeHRM Application Url Address 
[main] INFO Log -  The Expected Text of the OrangeHRM Application LogIn Page is :- LOGIN Panel
[main] INFO Log -  The Actual Text of the OrangeHRM Application LogIn Page is :- LOGIN Panel
[main] INFO Log -  Successfully navigated to OrangeHRM Application LogIn Page - PASS 
[main] INFO Log - Admin
[main] INFO Log - Chandu123@01
[main] INFO Log -  The Expected Text of the OrangeHRM Application HomePage is :- Welcome
[main] INFO Log -  The Actual Text of the OrangeHRM Application HomePage is :- Welcome Admin
[main] INFO Log -  Successfully Navigated to OrangeHRM Application HomePage - PASS
[main] INFO Log -  Performed Click Operation on WelCome Admin 
[main] INFO Log -  Successfully LogOut from the Application 
[main] INFO Log -  The Expected Text of the OrangeHRM Application LogIn Page is :- LOGIN Panel
[main] INFO Log -  The Actual Text of the OrangeHRM Application LogIn Page is :- LOGIN Panel
[main] INFO Log -  Successfully navigated to OrangeHRM Application LogIn Page - PASS 
[main] INFO Log -  *** Chrome Browser Launched Successfully ********
[main] INFO Log -  Entered OrangeHRM Application Url Address 
[main] INFO Log -  The Expected Text of the OrangeHRM Application LogIn Page is :- LOGIN Panel
[main] INFO Log -  The Actual Text of the OrangeHRM Application LogIn Page is :- LOGIN Panel
[main] INFO Log -  Successfully navigated to OrangeHRM Application LogIn Page - PASS 
[main] INFO Log - srini
[main] INFO Log - Q@Trainer
[main] INFO Log -  The Expected Text of the OrangeHRM Application HomePage is :- Welcome
[main] INFO Log -  *** Chrome Browser Launched Successfully ********
[main] INFO Log -  Entered OrangeHRM Application Url Address 
[main] INFO Log -  The Expected Text of the OrangeHRM Application LogIn Page is :- LOGIN Panel
[main] INFO Log -  The Actual Text of the OrangeHRM Application LogIn Page is :- LOGIN Panel
[main] INFO Log -  Successfully navigated to OrangeHRM Application LogIn Page - PASS 
[main] INFO Log - Hello
[main] INFO Log - Chandu123@01
[main] INFO Log -  The Expected Text of the OrangeHRM Application HomePage is :- Welcome
[main] INFO Log -  *** Chrome Browser Launched Successfully ********
[main] INFO Log -  Entered OrangeHRM Application Url Address 
[main] INFO Log -  The Expected Text of the OrangeHRM Application LogIn Page is :- LOGIN Panel
[main] INFO Log -  The Actual Text of the OrangeHRM Application LogIn Page is :- LOGIN Panel
[main] INFO Log -  Successfully navigated to OrangeHRM Application LogIn Page - PASS 
[main] INFO Log - Admin
[main] INFO Log - Chandu123@01
[main] INFO Log -  The Expected Text of the OrangeHRM Application HomePage is :- Welcome
[main] INFO Log -  The Actual Text of the OrangeHRM Application HomePage is :- Welcome Admin
[main] INFO Log -  Successfully Navigated to OrangeHRM Application HomePage - PASS
[main] INFO Log -  Performed Click Operation on WelCome Admin 
[main] INFO Log -  Successfully LogOut from the Application 
[main] INFO Log -  The Expected Text of the OrangeHRM Application LogIn Page is :- LOGIN Panel
[main] INFO Log -  The Actual Text of the OrangeHRM Application LogIn Page is :- LOGIN Panel
[main] INFO Log -  Successfully navigated to OrangeHRM Application LogIn Page - PASS 
[main] INFO Log -  *** Chrome Browser Launched Successfully ********
[main] INFO Log -  Entered OrangeHRM Application Url Address 
[main] INFO Log -  The Expected Text of the OrangeHRM Application LogIn Page is :- LOGIN Panel
[main] INFO Log -  The Actual Text of the OrangeHRM Application LogIn Page is :- LOGIN Panel
[main] INFO Log -  Successfully navigated to OrangeHRM Application LogIn Page - PASS 
[main] INFO Log -  *** Chrome Browser Launched Successfully ********
[main] INFO Log -  Entered OrangeHRM Application Url Address 
[main] INFO Log -  The Expected Text of the OrangeHRM Application LogIn Page is :- LOGIN Panel
[main] INFO Log -  The Actual Text of the OrangeHRM Application LogIn Page is :- LOGIN Panel
[main] INFO Log -  Successfully navigated to OrangeHRM Application LogIn Page - PASS 
[main] INFO Log - srini
[main] INFO Log - Q@Trainer7
[main] INFO Log -  The Expected Text of the OrangeHRM Application HomePage is :- Welcome
[main] INFO Log -  *** Chrome Browser Launched Successfully ********
[main] INFO Log -  Entered OrangeHRM Application Url Address 
[main] INFO Log -  The Expected Text of the OrangeHRM Application LogIn Page is :- LOGIN Panel
[main] INFO Log -  The Actual Text of the OrangeHRM Application LogIn Page is :- LOGIN Panel
[main] INFO Log -  Successfully navigated to OrangeHRM Application LogIn Page - PASS 
[main] INFO Log - Admin
[main] INFO Log - Chandu123@01
[main] INFO Log -  The Expected Text of the OrangeHRM Application HomePage is :- Welcome
[main] INFO Log -  The Actual Text of the OrangeHRM Application HomePage is :- Welcome Admin
[main] INFO Log -  Successfully Navigated to OrangeHRM Application HomePage - PASS
[main] INFO Log -  Performed Click Operation on WelCome Admin 
[main] INFO Log -  Successfully LogOut from the Application 
[main] INFO Log -  The Expected Text of the OrangeHRM Application LogIn Page is :- LOGIN Panel
[main] INFO Log -  The Actual Text of the OrangeHRM Application LogIn Page is :- LOGIN Panel
[main] INFO Log -  Successfully navigated to OrangeHRM Application LogIn Page - PASS 
[main] INFO Log -  *** Chrome Browser Launched Successfully ********
[main] INFO Log -  *** Chrome Browser Launched Successfully ********
[main] INFO Log -  Entered OrangeHRM Application Url Address 
[main] INFO Log -  The Expected Text of the OrangeHRM Application LogIn Page is :- LOGIN Panel
[main] INFO Log -  The Actual Text of the OrangeHRM Application LogIn Page is :- LOGIN Panel
[main] INFO Log -  Successfully navigated to OrangeHRM Application LogIn Page - PASS 
[main] INFO Log - Hello
[main] INFO Log - Chandu123@01
[main] INFO Log -  The Expected Text of the OrangeHRM Application HomePage is :- Welcome
[main] INFO Log -  *** Chrome Browser Launched Successfully ********
[main] INFO Log -  Entered OrangeHRM Application Url Address 
[main] INFO Log -  The Expected Text of the OrangeHRM Application LogIn Page is :- LOGIN Panel
[main] INFO Log -  The Actual Text of the OrangeHRM Application LogIn Page is :- LOGIN Panel
[main] INFO Log -  Successfully navigated to OrangeHRM Application LogIn Page - PASS 
[main] INFO Log - Admin
[main] INFO Log - Chandu123@01
[main] INFO Log -  The Expected Text of the OrangeHRM Application HomePage is :- Welcome
[main] INFO Log -  The Actual Text of the OrangeHRM Application HomePage is :- Welcome Admin
[main] INFO Log -  Successfully Navigated to OrangeHRM Application HomePage - PASS
[main] INFO Log -  Performed Click Operation on WelCome Admin 
[main] INFO Log -  Successfully LogOut from the Application 
[main] INFO Log -  The Expected Text of the OrangeHRM Application LogIn Page is :- LOGIN Panel
[main] INFO Log -  The Actual Text of the OrangeHRM Application LogIn Page is :- LOGIN Panel
[main] INFO Log -  Successfully navigated to OrangeHRM Application LogIn Page - PASS 
[main] INFO Log -  *** Chrome Browser Launched Successfully ********
[main] INFO Log -  *****  Successfully Close the Browser along with OrangeHRM Application 
[main] INFO Log -  *** Chrome Browser Launched Successfully ********
[main] INFO Log -  *****  Successfully Close the Browser along with OrangeHRM Application 
[main] INFO Log -  *** Chrome Browser Launched Successfully ********
[main] INFO Log -  *****  Successfully Close the Browser along with OrangeHRM Application 
[main] INFO Log -  *** Chrome Browser Launched Successfully ********
[main] INFO Log -  *****  Successfully Close the Browser along with OrangeHRM Application 
[main] INFO Log -  *** Chrome Browser Launched Successfully ********
[main] INFO Log -  *****  Successfully Close the Browser along with OrangeHRM Application 
[main] INFO Log -  *** Chrome Browser Launched Successfully ********
[main] INFO Log -  *****  Successfully Close the Browser along with OrangeHRM Application 
[main] INFO Log -  *** Chrome Browser Launched Successfully ********
[main] INFO Log -  *****  Successfully Close the Browser along with OrangeHRM Application 
[main] INFO Log -  *** Chrome Browser Launched Successfully ********
[main] INFO Log -  *****  Successfully Close the Browser along with OrangeHRM Application 
[main] INFO Log -  *** Chrome Browser Launched Successfully ********
[main] INFO Log -  *****  Successfully Close the Browser along with OrangeHRM Application 
[main] INFO Log -  *** Chrome Browser Launched Successfully ********
[main] INFO Log -  *****  Successfully Close the Browser along with OrangeHRM Application 
[main] INFO Log -  *** Chrome Browser Launched Successfully ********
[main] INFO Log -  *****  Successfully Close the Browser along with OrangeHRM Application 
[main] INFO Log -  *** Chrome Browser Launched Successfully ********
[main] INFO Log -  *****  Successfully Close the Browser along with OrangeHRM Application 
[main] INFO Log -  *** Chrome Browser Launched Successfully ********
[main] INFO Log -  *** Chrome Browser Launched Successfully ********
[main] INFO Log -  Entered OrangeHRM Application Url Address 
[main] INFO Log -  The Expected Text of the OrangeHRM Application LogIn Page is :- LOGIN Panel
[main] INFO Log -  The Actual Text of the OrangeHRM Application LogIn Page is :- LOGIN Panel
[main] INFO Log -  Successfully navigated to OrangeHRM Application LogIn Page - PASS 
[main] INFO Log -  *****  Successfully Close the Browser along with OrangeHRM Application 
[main] INFO Log -  *** Chrome Browser Launched Successfully ********
[main] INFO Log -  *****  Successfully Close the Browser along with OrangeHRM Application 
[main] INFO Log -  *** Chrome Browser Launched Successfully ********
[main] INFO Log -  *****  Successfully Close the Browser along with OrangeHRM Application 
[main] INFO Log -  *** Chrome Browser Launched Successfully ********
[main] INFO Log -  *****  Successfully Close the Browser along with OrangeHRM Application 
[main] INFO Log -  *** Chrome Browser Launched Successfully ********
[main] INFO Log -  *****  Successfully Close the Browser along with OrangeHRM Application 
[main] INFO Log -  *** Chrome Browser Launched Successfully ********
[main] INFO Log -  *****  Successfully Close the Browser along with OrangeHRM Application 
[main] INFO Log -  *** Chrome Browser Launched Successfully ********
[main] INFO Log -  *****  Successfully Close the Browser along with OrangeHRM Application 
[main] INFO Log -  *** Chrome Browser Launched Successfully ********
[main] INFO Log -  *****  Successfully Close the Browser along with OrangeHRM Application 
[main] INFO Log -  *** Chrome Browser Launched Successfully ********
[main] INFO Log -  *** Chrome Browser Launched Successfully ********
[main] INFO Log -  Entered OrangeHRM Application Url Address 
[main] INFO Log -  The Expected Text of the OrangeHRM Application LogIn Page is :- LOGIN Panel
[main] INFO Log -  The Actual Text of the OrangeHRM Application LogIn Page is :- LOGIN Panel
[main] INFO Log -  Successfully navigated to OrangeHRM Application LogIn Page - PASS 
[main] INFO Log -  *****  Successfully Close the Browser along with OrangeHRM Application 
[main] INFO Log -  *** Chrome Browser Launched Successfully ********
[main] INFO Log -  *** Chrome Browser Launched Successfully ********
[main] INFO Log -  *** Chrome Browser Launched Successfully ********
[main] INFO Log -  Entered OrangeHRM Application Url Address 
[main] INFO Log -  The Expected Text of the OrangeHRM Application LogIn Page is :- LOGIN Panel
[main] INFO Log -  The Actual Text of the OrangeHRM Application LogIn Page is :- LOGIN Panel
[main] INFO Log -  Successfully navigated to OrangeHRM Application LogIn Page - PASS 
[main] INFO Log - srini
[main] INFO Log - Q@Trainer7
[main] INFO Log -  The Expected Text of the OrangeHRM Application HomePage is :- Welcome
[main] INFO Log -  *****  Successfully Close the Browser along with OrangeHRM Application 
[main] INFO Log -  *** Chrome Browser Launched Successfully ********
[main] INFO Log -  *** Chrome Browser Launched Successfully ********
[main] INFO Log -  Entered OrangeHRM Application Url Address 
[main] INFO Log -  The Expected Text of the OrangeHRM Application LogIn Page is :- LOGIN Panel
[main] INFO Log -  The Actual Text of the OrangeHRM Application LogIn Page is :- LOGIN Panel
[main] INFO Log -  Successfully navigated to OrangeHRM Application LogIn Page - PASS 
[main] INFO Log - Admin
[main] INFO Log - Chandu123@01
[main] INFO Log -  The Expected Text of the OrangeHRM Application HomePage is :- Welcome
[main] INFO Log -  The Actual Text of the OrangeHRM Application HomePage is :- Welcome Admin
[main] INFO Log -  Successfully Navigated to OrangeHRM Application HomePage - PASS
[main] INFO Log -  Performed Click Operation on WelCome Admin 
[main] INFO Log -  Successfully LogOut from the Application 
[main] INFO Log -  *****  Successfully Close the Browser along with OrangeHRM Application 
[main] INFO Log -  *** Chrome Browser Launched Successfully ********
[main] INFO Log -  *** Chrome Browser Launched Successfully ********
[main] INFO Log -  Entered OrangeHRM Application Url Address 
[main] INFO Log -  The Expected Text of the OrangeHRM Application LogIn Page is :- LOGIN Panel
[main] INFO Log -  The Actual Text of the OrangeHRM Application LogIn Page is :- LOGIN Panel
[main] INFO Log -  Successfully navigated to OrangeHRM Application LogIn Page - PASS 
[main] INFO Log - srini
[main] INFO Log - Q@Trainer
[main] INFO Log -  The Expected Text of the OrangeHRM Application HomePage is :- Welcome
[main] INFO Log -  *****  Successfully Close the Browser along with OrangeHRM Application 
[main] INFO Log -  *** Chrome Browser Launched Successfully ********
[main] INFO Log -  *** Chrome Browser Launched Successfully ********
[main] INFO Log -  Entered OrangeHRM Application Url Address 
[main] INFO Log -  The Expected Text of the OrangeHRM Application LogIn Page is :- LOGIN Panel
[main] INFO Log -  The Actual Text of the OrangeHRM Application LogIn Page is :- LOGIN Panel
[main] INFO Log -  Successfully navigated to OrangeHRM Application LogIn Page - PASS 
[main] INFO Log - Hello
[main] INFO Log - Chandu123@01
[main] INFO Log -  The Expected Text of the OrangeHRM Application HomePage is :- Welcome
[main] INFO Log -  *****  Successfully Close the Browser along with OrangeHRM Application 
[main] INFO Log -  *** Chrome Browser Launched Successfully ********
[main] INFO Log -  *** Chrome Browser Launched Successfully ********
[main] INFO Log -  Entered OrangeHRM Application Url Address 
[main] INFO Log -  The Expected Text of the OrangeHRM Application LogIn Page is :- LOGIN Panel
[main] INFO Log -  The Actual Text of the OrangeHRM Application LogIn Page is :- LOGIN Panel
[main] INFO Log -  Successfully navigated to OrangeHRM Application LogIn Page - PASS 
[main] INFO Log - Admin
[main] INFO Log - Chandu123@01
[main] INFO Log -  The Expected Text of the OrangeHRM Application HomePage is :- Welcome
[main] INFO Log -  The Actual Text of the OrangeHRM Application HomePage is :- Welcome Admin
[main] INFO Log -  Successfully Navigated to OrangeHRM Application HomePage - PASS
[main] INFO Log -  Performed Click Operation on WelCome Admin 
[main] INFO Log -  Successfully LogOut from the Application 
[main] INFO Log -  *****  Successfully Close the Browser along with OrangeHRM Application 
[main] INFO Log -  *** Chrome Browser Launched Successfully ********
[main] INFO Log -  *** Chrome Browser Launched Successfully ********
[main] INFO Log -  Entered OrangeHRM Application Url Address 
[main] INFO Log -  The Expected Text of the OrangeHRM Application LogIn Page is :- LOGIN Panel
[main] INFO Log -  The Actual Text of the OrangeHRM Application LogIn Page is :- LOGIN Panel
[main] INFO Log -  Successfully navigated to OrangeHRM Application LogIn Page - PASS 
[main] INFO Log - Admin
[main] INFO Log - Chandu123@01
[main] INFO Log -  The Expected Text of the OrangeHRM Application HomePage is :- Welcome
[main] INFO Log -  The Actual Text of the OrangeHRM Application HomePage is :- Welcome Admin
[main] INFO Log -  Successfully Navigated to OrangeHRM Application HomePage - PASS
[main] INFO Log -  Performed Click Operation on WelCome Admin 
[main] INFO Log -  Successfully LogOut from the Application 
[main] INFO Log -  *****  Successfully Close the Browser along with OrangeHRM Application 
[main] INFO Log -  *** Chrome Browser Launched Successfully ********
[main] INFO Log -  *** Chrome Browser Launched Successfully ********
[main] INFO Log -  Entered OrangeHRM Application Url Address 
[main] INFO Log -  The Expected Text of the OrangeHRM Application LogIn Page is :- LOGIN Panel
[main] INFO Log -  The Actual Text of the OrangeHRM Application LogIn Page is :- LOGIN Panel
[main] INFO Log -  Successfully navigated to OrangeHRM Application LogIn Page - PASS 
[main] INFO Log - srini
[main] INFO Log - Q@Trainer
[main] INFO Log -  The Expected Text of the OrangeHRM Application HomePage is :- Welcome
[main] INFO Log -  *****  Successfully Close the Browser along with OrangeHRM Application 
[main] INFO Log -  *** Chrome Browser Launched Successfully ********
[main] INFO Log -  *** Chrome Browser Launched Successfully ********
[main] INFO Log -  Entered OrangeHRM Application Url Address 
[main] INFO Log -  The Expected Text of the OrangeHRM Application LogIn Page is :- LOGIN Panel
[main] INFO Log -  The Actual Text of the OrangeHRM Application LogIn Page is :- LOGIN Panel
[main] INFO Log -  Successfully navigated to OrangeHRM Application LogIn Page - PASS 
[main] INFO Log - Hello
[main] INFO Log - Chandu123@01
[main] INFO Log -  The Expected Text of the OrangeHRM Application HomePage is :- Welcome
[main] INFO Log -  *****  Successfully Close the Browser along with OrangeHRM Application 
[main] INFO Log -  *** Chrome Browser Launched Successfully ********
[main] INFO Log -  *** Chrome Browser Launched Successfully ********
[main] INFO Log -  Entered OrangeHRM Application Url Address 
[main] INFO Log -  The Expected Text of the OrangeHRM Application LogIn Page is :- LOGIN Panel
[main] INFO Log -  The Actual Text of the OrangeHRM Application LogIn Page is :- LOGIN Panel
[main] INFO Log -  Successfully navigated to OrangeHRM Application LogIn Page - PASS 
[main] INFO Log - Admin
[main] INFO Log - Chandu123@01
[main] INFO Log -  The Expected Text of the OrangeHRM Application HomePage is :- Welcome
[main] INFO Log -  The Actual Text of the OrangeHRM Application HomePage is :- Welcome Admin
[main] INFO Log -  Successfully Navigated to OrangeHRM Application HomePage - PASS
[main] INFO Log -  Performed Click Operation on WelCome Admin 
[main] INFO Log -  Successfully LogOut from the Application 
[main] INFO Log -  *****  Successfully Close the Browser along with OrangeHRM Application 
[main] INFO Log -  *** Chrome Browser Launched Successfully ********
[main] INFO Log -  *** Chrome Browser Launched Successfully ********
[main] INFO Log -  Entered OrangeHRM Application Url Address 
[main] INFO Log -  The Expected Text of the OrangeHRM Application LogIn Page is :- LOGIN Panel
[main] INFO Log -  The Actual Text of the OrangeHRM Application LogIn Page is :- LOGIN Panel
[main] INFO Log -  Successfully navigated to OrangeHRM Application LogIn Page - PASS 
[main] INFO Log - Admin
[main] INFO Log - Chandu123@01
[main] INFO Log -  The Expected Text of the OrangeHRM Application HomePage is :- Welcome
[main] INFO Log -  The Actual Text of the OrangeHRM Application HomePage is :- Welcome Admin
[main] INFO Log -  Successfully Navigated to OrangeHRM Application HomePage - PASS
[main] INFO Log -  Performed Click Operation on WelCome Admin 
[main] INFO Log -  Successfully LogOut from the Application 
[main] INFO Log -  *****  Successfully Close the Browser along with OrangeHRM Application 
[main] INFO Log -  *** Chrome Browser Launched Successfully ********
[main] INFO Log -  *** Chrome Browser Launched Successfully ********
[main] INFO Log -  Entered OrangeHRM Application Url Address 
[main] INFO Log -  The Expected Text of the OrangeHRM Application LogIn Page is :- LOGIN Panel
[main] INFO Log -  The Actual Text of the OrangeHRM Application LogIn Page is :- LOGIN Panel
[main] INFO Log -  Successfully navigated to OrangeHRM Application LogIn Page - PASS 
[main] INFO Log - srini
[main] INFO Log - Q@Trainer
[main] INFO Log -  The Expected Text of the OrangeHRM Application HomePage is :- Welcome
[main] INFO Log -  *****  Successfully Close the Browser along with OrangeHRM Application 
[main] INFO Log -  *** Chrome Browser Launched Successfully ********
[main] INFO Log -  *** Chrome Browser Launched Successfully ********
[main] INFO Log -  Entered OrangeHRM Application Url Address 
[main] INFO Log -  The Expected Text of the OrangeHRM Application LogIn Page is :- LOGIN Panel
[main] INFO Log -  The Actual Text of the OrangeHRM Application LogIn Page is :- LOGIN Panel
[main] INFO Log -  Successfully navigated to OrangeHRM Application LogIn Page - PASS 
[main] INFO Log - Hello
[main] INFO Log - Chandu123@01
[main] INFO Log -  The Expected Text of the OrangeHRM Application HomePage is :- Welcome
[main] INFO Log -  *****  Successfully Close the Browser along with OrangeHRM Application 
[main] INFO Log -  *** Chrome Browser Launched Successfully ********
[main] INFO Log -  *** Chrome Browser Launched Successfully ********
[main] INFO Log -  Entered OrangeHRM Application Url Address 
[main] INFO Log -  The Expected Text of the OrangeHRM Application LogIn Page is :- LOGIN Panel
[main] INFO Log -  The Actual Text of the OrangeHRM Application LogIn Page is :- LOGIN Panel
[main] INFO Log -  Successfully navigated to OrangeHRM Application LogIn Page - PASS 
[main] INFO Log - Admin
[main] INFO Log - Chandu123@01
[main] INFO Log -  The Expected Text of the OrangeHRM Application HomePage is :- Welcome
[main] INFO Log -  The Actual Text of the OrangeHRM Application HomePage is :- Welcome Admin
[main] INFO Log -  Successfully Navigated to OrangeHRM Application HomePage - PASS
[main] INFO Log -  Performed Click Operation on WelCome Admin 
[main] INFO Log -  Successfully LogOut from the Application 
[main] INFO Log -  *****  Successfully Close the Browser along with OrangeHRM Application 
