2024-01-03 18:02:36,270 - Log -INFO -  *** Chrome Browser Launched Successfully ********
2024-01-03 18:02:37,147 - Log -INFO -  Entered OrangeHRM Application Url Address 
2024-01-03 18:02:37,455 - Log -INFO -  The Expected Text of the OrangeHRM Application LogIn Page is :- LOGIN Panel
2024-01-03 18:02:37,492 - Log -INFO -  The Actual Text of the OrangeHRM Application LogIn Page is :- LOGIN Panel
2024-01-03 18:02:37,496 - Log -INFO -  Successfully navigated to OrangeHRM Application LogIn Page - PASS 
2024-01-03 18:02:38,910 - Log -INFO -  *** Chrome Browser Launched Successfully ********
2024-01-03 18:02:39,683 - Log -INFO -  Entered OrangeHRM Application Url Address 
2024-01-03 18:02:40,249 - Log -INFO -  The Expected Text of the OrangeHRM Application LogIn Page is :- LOGIN Panel
2024-01-03 18:02:40,283 - Log -INFO -  The Actual Text of the OrangeHRM Application LogIn Page is :- LOGIN Panel
2024-01-03 18:02:40,289 - Log -INFO -  Successfully navigated to OrangeHRM Application LogIn Page - PASS 
2024-01-03 18:02:40,433 - Log -INFO - srini
2024-01-03 18:02:40,556 - Log -INFO - Q@Trainer7
2024-01-03 18:02:41,155 - Log -INFO -  The Expected Text of the OrangeHRM Application HomePage is :- Welcome
2024-01-03 18:02:52,667 - Log -INFO -  *** Chrome Browser Launched Successfully ********
2024-01-03 18:02:53,321 - Log -INFO -  Entered OrangeHRM Application Url Address 
2024-01-03 18:02:54,287 - Log -INFO -  The Expected Text of the OrangeHRM Application LogIn Page is :- LOGIN Panel
2024-01-03 18:02:54,339 - Log -INFO -  The Actual Text of the OrangeHRM Application LogIn Page is :- LOGIN Panel
2024-01-03 18:02:54,343 - Log -INFO -  Successfully navigated to OrangeHRM Application LogIn Page - PASS 
2024-01-03 18:02:54,509 - Log -INFO - srini
2024-01-03 18:02:54,624 - Log -INFO - Q@Trainer7
2024-01-03 18:02:55,454 - Log -INFO -  The Expected Text of the OrangeHRM Application HomePage is :- Welcome
2024-01-03 18:03:06,675 - Log -INFO -  *** Chrome Browser Launched Successfully ********
2024-01-03 18:03:07,436 - Log -INFO -  Entered OrangeHRM Application Url Address 
2024-01-03 18:03:07,609 - Log -INFO -  The Expected Text of the OrangeHRM Application LogIn Page is :- LOGIN Panel
2024-01-03 18:03:07,666 - Log -INFO -  The Actual Text of the OrangeHRM Application LogIn Page is :- LOGIN Panel
2024-01-03 18:03:07,670 - Log -INFO -  Successfully navigated to OrangeHRM Application LogIn Page - PASS 
2024-01-03 18:03:07,804 - Log -INFO - srini
2024-01-03 18:03:07,916 - Log -INFO - Q@Trainer
2024-01-03 18:03:08,575 - Log -INFO -  The Expected Text of the OrangeHRM Application HomePage is :- Welcome
2024-01-03 18:03:20,066 - Log -INFO -  *** Chrome Browser Launched Successfully ********
2024-01-03 18:03:21,121 - Log -INFO -  Entered OrangeHRM Application Url Address 
2024-01-03 18:03:21,446 - Log -INFO -  The Expected Text of the OrangeHRM Application LogIn Page is :- LOGIN Panel
2024-01-03 18:03:21,488 - Log -INFO -  The Actual Text of the OrangeHRM Application LogIn Page is :- LOGIN Panel
2024-01-03 18:03:21,493 - Log -INFO -  Successfully navigated to OrangeHRM Application LogIn Page - PASS 
2024-01-03 18:03:21,633 - Log -INFO - Hello
2024-01-03 18:03:21,738 - Log -INFO - Chello
2024-01-03 18:03:22,784 - Log -INFO -  The Expected Text of the OrangeHRM Application HomePage is :- Welcome
2024-01-03 18:03:34,111 - Log -INFO -  *** Chrome Browser Launched Successfully ********
2024-01-03 18:03:34,933 - Log -INFO -  Entered OrangeHRM Application Url Address 
2024-01-03 18:03:35,194 - Log -INFO -  The Expected Text of the OrangeHRM Application LogIn Page is :- LOGIN Panel
2024-01-03 18:03:35,234 - Log -INFO -  The Actual Text of the OrangeHRM Application LogIn Page is :- LOGIN Panel
2024-01-03 18:03:35,238 - Log -INFO -  Successfully navigated to OrangeHRM Application LogIn Page - PASS 
2024-01-03 18:03:35,354 - Log -INFO - srini
2024-01-03 18:03:35,512 - Log -INFO - Q@Trainer7
2024-01-03 18:03:36,574 - Log -INFO -  The Expected Text of the OrangeHRM Application HomePage is :- Welcome
2024-01-03 18:05:57,519 - Log -INFO -  *** Chrome Browser Launched Successfully ********
2024-01-03 18:05:58,033 - Log -INFO -  Entered OrangeHRM Application Url Address 
2024-01-03 18:05:58,271 - Log -INFO -  The Expected Text of the OrangeHRM Application LogIn Page is :- LOGIN Panel
2024-01-03 18:05:58,300 - Log -INFO -  The Actual Text of the OrangeHRM Application LogIn Page is :- LOGIN Panel
2024-01-03 18:05:58,303 - Log -INFO -  Successfully navigated to OrangeHRM Application LogIn Page - PASS 
2024-01-03 18:05:59,260 - Log -INFO -  *** Chrome Browser Launched Successfully ********
2024-01-03 18:05:59,752 - Log -INFO -  Entered OrangeHRM Application Url Address 
2024-01-03 18:05:59,928 - Log -INFO -  The Expected Text of the OrangeHRM Application LogIn Page is :- LOGIN Panel
2024-01-03 18:05:59,952 - Log -INFO -  The Actual Text of the OrangeHRM Application LogIn Page is :- LOGIN Panel
2024-01-03 18:05:59,955 - Log -INFO -  Successfully navigated to OrangeHRM Application LogIn Page - PASS 
2024-01-03 18:06:00,094 - Log -INFO - srini
2024-01-03 18:06:00,207 - Log -INFO - Q@Trainer7
2024-01-03 18:06:00,741 - Log -INFO -  The Expected Text of the OrangeHRM Application HomePage is :- Welcome
2024-01-03 18:06:11,710 - Log -INFO -  *** Chrome Browser Launched Successfully ********
2024-01-03 18:06:12,280 - Log -INFO -  Entered OrangeHRM Application Url Address 
2024-01-03 18:06:12,606 - Log -INFO -  The Expected Text of the OrangeHRM Application LogIn Page is :- LOGIN Panel
2024-01-03 18:06:12,647 - Log -INFO -  The Actual Text of the OrangeHRM Application LogIn Page is :- LOGIN Panel
2024-01-03 18:06:12,659 - Log -INFO -  Successfully navigated to OrangeHRM Application LogIn Page - PASS 
2024-01-03 18:06:12,782 - Log -INFO - Admin
2024-01-03 18:06:12,875 - Log -INFO - Chandu123@01
2024-01-03 18:06:14,482 - Log -INFO -  The Expected Text of the OrangeHRM Application HomePage is :- Welcome
2024-01-03 18:06:14,758 - Log -INFO -  The Actual Text of the OrangeHRM Application HomePage is :- Welcome Admin
2024-01-03 18:06:14,761 - Log -INFO -  Successfully Navigated to OrangeHRM Application HomePage - PASS
2024-01-03 18:06:14,887 - Log -INFO -  Performed Click Operation on WelCome Admin 
2024-01-03 18:06:16,108 - Log -INFO -  Successfully LogOut from the Application 
2024-01-03 18:06:16,137 - Log -INFO -  The Expected Text of the OrangeHRM Application LogIn Page is :- LOGIN Panel
2024-01-03 18:06:16,152 - Log -INFO -  The Actual Text of the OrangeHRM Application LogIn Page is :- LOGIN Panel
2024-01-03 18:06:16,155 - Log -INFO -  Successfully navigated to OrangeHRM Application LogIn Page - PASS 
2024-01-03 18:06:17,320 - Log -INFO -  *** Chrome Browser Launched Successfully ********
2024-01-03 18:06:17,885 - Log -INFO -  Entered OrangeHRM Application Url Address 
2024-01-03 18:06:18,545 - Log -INFO -  The Expected Text of the OrangeHRM Application LogIn Page is :- LOGIN Panel
2024-01-03 18:06:18,579 - Log -INFO -  The Actual Text of the OrangeHRM Application LogIn Page is :- LOGIN Panel
2024-01-03 18:06:18,581 - Log -INFO -  Successfully navigated to OrangeHRM Application LogIn Page - PASS 
2024-01-03 18:06:18,772 - Log -INFO - srini
2024-01-03 18:06:18,868 - Log -INFO - Q@Trainer
2024-01-03 18:06:19,578 - Log -INFO -  The Expected Text of the OrangeHRM Application HomePage is :- Welcome
2024-01-03 18:06:30,528 - Log -INFO -  *** Chrome Browser Launched Successfully ********
2024-01-03 18:06:31,134 - Log -INFO -  Entered OrangeHRM Application Url Address 
2024-01-03 18:06:31,323 - Log -INFO -  The Expected Text of the OrangeHRM Application LogIn Page is :- LOGIN Panel
2024-01-03 18:06:31,377 - Log -INFO -  The Actual Text of the OrangeHRM Application LogIn Page is :- LOGIN Panel
2024-01-03 18:06:31,380 - Log -INFO -  Successfully navigated to OrangeHRM Application LogIn Page - PASS 
2024-01-03 18:06:31,509 - Log -INFO - Hello
2024-01-03 18:06:31,612 - Log -INFO - Chandu123@01
2024-01-03 18:06:32,053 - Log -INFO -  The Expected Text of the OrangeHRM Application HomePage is :- Welcome
2024-01-03 18:06:43,102 - Log -INFO -  *** Chrome Browser Launched Successfully ********
2024-01-03 18:06:43,760 - Log -INFO -  Entered OrangeHRM Application Url Address 
2024-01-03 18:06:43,913 - Log -INFO -  The Expected Text of the OrangeHRM Application LogIn Page is :- LOGIN Panel
2024-01-03 18:06:43,935 - Log -INFO -  The Actual Text of the OrangeHRM Application LogIn Page is :- LOGIN Panel
2024-01-03 18:06:43,938 - Log -INFO -  Successfully navigated to OrangeHRM Application LogIn Page - PASS 
2024-01-03 18:06:44,038 - Log -INFO - Admin
2024-01-03 18:06:44,114 - Log -INFO - Chandu123@01
2024-01-03 18:06:45,490 - Log -INFO -  The Expected Text of the OrangeHRM Application HomePage is :- Welcome
2024-01-03 18:06:45,728 - Log -INFO -  The Actual Text of the OrangeHRM Application HomePage is :- Welcome Admin
2024-01-03 18:06:45,731 - Log -INFO -  Successfully Navigated to OrangeHRM Application HomePage - PASS
2024-01-03 18:06:45,813 - Log -INFO -  Performed Click Operation on WelCome Admin 
2024-01-03 18:06:46,704 - Log -INFO -  Successfully LogOut from the Application 
2024-01-03 18:06:46,727 - Log -INFO -  The Expected Text of the OrangeHRM Application LogIn Page is :- LOGIN Panel
2024-01-03 18:06:46,744 - Log -INFO -  The Actual Text of the OrangeHRM Application LogIn Page is :- LOGIN Panel
2024-01-03 18:06:46,747 - Log -INFO -  Successfully navigated to OrangeHRM Application LogIn Page - PASS 
2024-01-03 18:26:11,320 - Log -INFO -  *** Chrome Browser Launched Successfully ********
2024-01-03 18:26:11,937 - Log -INFO -  Entered OrangeHRM Application Url Address 
2024-01-03 18:26:12,160 - Log -INFO -  The Expected Text of the OrangeHRM Application LogIn Page is :- LOGIN Panel
2024-01-03 18:26:12,193 - Log -INFO -  The Actual Text of the OrangeHRM Application LogIn Page is :- LOGIN Panel
2024-01-03 18:26:12,198 - Log -INFO -  Successfully navigated to OrangeHRM Application LogIn Page - PASS 
2024-01-03 18:26:13,403 - Log -INFO -  *** Chrome Browser Launched Successfully ********
2024-01-03 18:26:14,199 - Log -INFO -  Entered OrangeHRM Application Url Address 
2024-01-03 18:26:14,441 - Log -INFO -  The Expected Text of the OrangeHRM Application LogIn Page is :- LOGIN Panel
2024-01-03 18:26:14,479 - Log -INFO -  The Actual Text of the OrangeHRM Application LogIn Page is :- LOGIN Panel
2024-01-03 18:26:14,483 - Log -INFO -  Successfully navigated to OrangeHRM Application LogIn Page - PASS 
2024-01-03 18:26:14,605 - Log -INFO - srini
2024-01-03 18:26:14,717 - Log -INFO - Q@Trainer7
2024-01-03 18:26:15,173 - Log -INFO -  The Expected Text of the OrangeHRM Application HomePage is :- Welcome
2024-01-03 18:26:26,246 - Log -INFO -  *** Chrome Browser Launched Successfully ********
2024-01-03 18:26:27,076 - Log -INFO -  Entered OrangeHRM Application Url Address 
2024-01-03 18:26:27,372 - Log -INFO -  The Expected Text of the OrangeHRM Application LogIn Page is :- LOGIN Panel
2024-01-03 18:26:27,410 - Log -INFO -  The Actual Text of the OrangeHRM Application LogIn Page is :- LOGIN Panel
2024-01-03 18:26:27,414 - Log -INFO -  Successfully navigated to OrangeHRM Application LogIn Page - PASS 
2024-01-03 18:26:27,555 - Log -INFO - Admin
2024-01-03 18:26:27,678 - Log -INFO - Chandu123@01
2024-01-03 18:26:29,566 - Log -INFO -  The Expected Text of the OrangeHRM Application HomePage is :- Welcome
2024-01-03 18:26:29,660 - Log -INFO -  The Actual Text of the OrangeHRM Application HomePage is :- Welcome Admin
2024-01-03 18:26:29,663 - Log -INFO -  Successfully Navigated to OrangeHRM Application HomePage - PASS
2024-01-03 18:26:29,751 - Log -INFO -  Performed Click Operation on WelCome Admin 
2024-01-03 18:26:31,191 - Log -INFO -  Successfully LogOut from the Application 
2024-01-03 18:26:31,218 - Log -INFO -  The Expected Text of the OrangeHRM Application LogIn Page is :- LOGIN Panel
2024-01-03 18:26:31,230 - Log -INFO -  The Actual Text of the OrangeHRM Application LogIn Page is :- LOGIN Panel
2024-01-03 18:26:31,233 - Log -INFO -  Successfully navigated to OrangeHRM Application LogIn Page - PASS 
2024-01-03 18:26:32,408 - Log -INFO -  *** Chrome Browser Launched Successfully ********
2024-01-03 18:26:34,627 - Log -INFO -  *** Chrome Browser Launched Successfully ********
2024-01-03 18:26:35,669 - Log -INFO -  Entered OrangeHRM Application Url Address 
2024-01-03 18:26:35,975 - Log -INFO -  The Expected Text of the OrangeHRM Application LogIn Page is :- LOGIN Panel
2024-01-03 18:26:36,041 - Log -INFO -  The Actual Text of the OrangeHRM Application LogIn Page is :- LOGIN Panel
2024-01-03 18:26:36,044 - Log -INFO -  Successfully navigated to OrangeHRM Application LogIn Page - PASS 
2024-01-03 18:26:36,210 - Log -INFO - Hello
2024-01-03 18:26:36,354 - Log -INFO - Chandu123@01
2024-01-03 18:26:37,178 - Log -INFO -  The Expected Text of the OrangeHRM Application HomePage is :- Welcome
2024-01-03 18:26:48,148 - Log -INFO -  *** Chrome Browser Launched Successfully ********
2024-01-03 18:26:48,544 - Log -INFO -  Entered OrangeHRM Application Url Address 
2024-01-03 18:26:48,908 - Log -INFO -  The Expected Text of the OrangeHRM Application LogIn Page is :- LOGIN Panel
2024-01-03 18:26:48,957 - Log -INFO -  The Actual Text of the OrangeHRM Application LogIn Page is :- LOGIN Panel
2024-01-03 18:26:48,962 - Log -INFO -  Successfully navigated to OrangeHRM Application LogIn Page - PASS 
2024-01-03 18:26:49,135 - Log -INFO - Admin
2024-01-03 18:26:49,259 - Log -INFO - Chandu123@01
2024-01-03 18:26:51,297 - Log -INFO -  The Expected Text of the OrangeHRM Application HomePage is :- Welcome
2024-01-03 18:26:51,590 - Log -INFO -  The Actual Text of the OrangeHRM Application HomePage is :- Welcome Admin
2024-01-03 18:26:51,595 - Log -INFO -  Successfully Navigated to OrangeHRM Application HomePage - PASS
2024-01-03 18:26:51,688 - Log -INFO -  Performed Click Operation on WelCome Admin 
2024-01-03 18:26:54,387 - Log -INFO -  Successfully LogOut from the Application 
2024-01-03 18:26:54,438 - Log -INFO -  The Expected Text of the OrangeHRM Application LogIn Page is :- LOGIN Panel
2024-01-03 18:26:54,465 - Log -INFO -  The Actual Text of the OrangeHRM Application LogIn Page is :- LOGIN Panel
2024-01-03 18:26:54,473 - Log -INFO -  Successfully navigated to OrangeHRM Application LogIn Page - PASS 
2024-01-04 18:08:45,723 - Log -INFO -  *** Chrome Browser Launched Successfully ********
2024-01-04 18:08:46,084 - Log -INFO -  *****  Successfully Close the Browser along with OrangeHRM Application 
2024-01-04 18:08:47,629 - Log -INFO -  *** Chrome Browser Launched Successfully ********
2024-01-04 18:08:48,013 - Log -INFO -  *****  Successfully Close the Browser along with OrangeHRM Application 
2024-01-04 18:08:49,663 - Log -INFO -  *** Chrome Browser Launched Successfully ********
2024-01-04 18:08:50,116 - Log -INFO -  *****  Successfully Close the Browser along with OrangeHRM Application 
2024-01-04 18:08:51,842 - Log -INFO -  *** Chrome Browser Launched Successfully ********
2024-01-04 18:08:52,225 - Log -INFO -  *****  Successfully Close the Browser along with OrangeHRM Application 
2024-01-04 18:08:53,987 - Log -INFO -  *** Chrome Browser Launched Successfully ********
2024-01-04 18:08:54,507 - Log -INFO -  *****  Successfully Close the Browser along with OrangeHRM Application 
2024-01-04 18:08:56,187 - Log -INFO -  *** Chrome Browser Launched Successfully ********
2024-01-04 18:08:56,547 - Log -INFO -  *****  Successfully Close the Browser along with OrangeHRM Application 
2024-01-04 19:20:49,869 - Log -INFO -  *** Chrome Browser Launched Successfully ********
2024-01-04 19:20:50,255 - Log -INFO -  *****  Successfully Close the Browser along with OrangeHRM Application 
2024-01-04 19:20:51,839 - Log -INFO -  *** Chrome Browser Launched Successfully ********
2024-01-04 19:20:52,263 - Log -INFO -  *****  Successfully Close the Browser along with OrangeHRM Application 
2024-01-04 19:20:53,827 - Log -INFO -  *** Chrome Browser Launched Successfully ********
2024-01-04 19:20:54,263 - Log -INFO -  *****  Successfully Close the Browser along with OrangeHRM Application 
2024-01-04 19:20:55,927 - Log -INFO -  *** Chrome Browser Launched Successfully ********
2024-01-04 19:20:56,363 - Log -INFO -  *****  Successfully Close the Browser along with OrangeHRM Application 
2024-01-04 19:20:58,035 - Log -INFO -  *** Chrome Browser Launched Successfully ********
2024-01-04 19:20:58,392 - Log -INFO -  *****  Successfully Close the Browser along with OrangeHRM Application 
2024-01-04 19:21:00,157 - Log -INFO -  *** Chrome Browser Launched Successfully ********
2024-01-04 19:21:00,588 - Log -INFO -  *****  Successfully Close the Browser along with OrangeHRM Application 
2024-01-07 12:00:14,642 - Log -INFO -  *** Chrome Browser Launched Successfully ********
2024-01-07 12:00:16,415 - Log -INFO -  *** Chrome Browser Launched Successfully ********
2024-01-07 12:00:17,268 - Log -INFO -  Entered OrangeHRM Application Url Address 
2024-01-07 12:00:17,512 - Log -INFO -  The Expected Text of the OrangeHRM Application LogIn Page is :- LOGIN Panel
2024-01-07 12:00:17,556 - Log -INFO -  The Actual Text of the OrangeHRM Application LogIn Page is :- LOGIN Panel
2024-01-07 12:00:17,564 - Log -INFO -  Successfully navigated to OrangeHRM Application LogIn Page - PASS 
2024-01-07 12:00:17,857 - Log -INFO -  *****  Successfully Close the Browser along with OrangeHRM Application 
2024-01-07 12:09:28,047 - Log -INFO -  *** Chrome Browser Launched Successfully ********
2024-01-07 12:09:28,458 - Log -INFO -  *****  Successfully Close the Browser along with OrangeHRM Application 
2024-01-07 12:12:27,342 - Log -INFO -  *** Chrome Browser Launched Successfully ********
2024-01-07 12:12:27,776 - Log -INFO -  *****  Successfully Close the Browser along with OrangeHRM Application 
2024-01-07 12:14:20,651 - Log -INFO -  *** Chrome Browser Launched Successfully ********
2024-01-07 12:14:21,091 - Log -INFO -  *****  Successfully Close the Browser along with OrangeHRM Application 
2024-01-07 12:17:45,034 - Log -INFO -  *** Chrome Browser Launched Successfully ********
2024-01-07 12:17:45,525 - Log -INFO -  *****  Successfully Close the Browser along with OrangeHRM Application 
2024-01-07 12:20:08,053 - Log -INFO -  *** Chrome Browser Launched Successfully ********
2024-01-07 12:20:08,439 - Log -INFO -  *****  Successfully Close the Browser along with OrangeHRM Application 
2024-01-07 12:23:43,400 - Log -INFO -  *** Chrome Browser Launched Successfully ********
2024-01-07 12:23:43,767 - Log -INFO -  *****  Successfully Close the Browser along with OrangeHRM Application 
2024-01-07 12:25:43,050 - Log -INFO -  *** Chrome Browser Launched Successfully ********
2024-01-07 12:25:43,460 - Log -INFO -  *****  Successfully Close the Browser along with OrangeHRM Application 
2024-01-07 12:37:19,792 - Log -INFO -  *** Chrome Browser Launched Successfully ********
2024-01-07 12:37:21,860 - Log -INFO -  *** Chrome Browser Launched Successfully ********
2024-01-07 12:37:22,542 - Log -INFO -  Entered OrangeHRM Application Url Address 
2024-01-07 12:37:22,810 - Log -INFO -  The Expected Text of the OrangeHRM Application LogIn Page is :- LOGIN Panel
2024-01-07 12:37:22,840 - Log -INFO -  The Actual Text of the OrangeHRM Application LogIn Page is :- LOGIN Panel
2024-01-07 12:37:22,846 - Log -INFO -  Successfully navigated to OrangeHRM Application LogIn Page - PASS 
2024-01-07 12:37:23,094 - Log -INFO -  *****  Successfully Close the Browser along with OrangeHRM Application 
2024-01-07 12:38:26,717 - Log -INFO -  *** Chrome Browser Launched Successfully ********
2024-01-07 12:38:28,471 - Log -INFO -  *** Chrome Browser Launched Successfully ********
2024-01-07 12:38:30,146 - Log -INFO -  *** Chrome Browser Launched Successfully ********
2024-01-07 12:38:31,055 - Log -INFO -  Entered OrangeHRM Application Url Address 
2024-01-07 12:38:31,334 - Log -INFO -  The Expected Text of the OrangeHRM Application LogIn Page is :- LOGIN Panel
2024-01-07 12:38:31,390 - Log -INFO -  The Actual Text of the OrangeHRM Application LogIn Page is :- LOGIN Panel
2024-01-07 12:38:31,396 - Log -INFO -  Successfully navigated to OrangeHRM Application LogIn Page - PASS 
2024-01-07 12:38:31,562 - Log -INFO - srini
2024-01-07 12:38:31,736 - Log -INFO - Q@Trainer7
2024-01-07 12:38:32,514 - Log -INFO -  The Expected Text of the OrangeHRM Application HomePage is :- Welcome
2024-01-07 12:38:42,941 - Log -INFO -  *****  Successfully Close the Browser along with OrangeHRM Application 
2024-01-07 12:40:21,708 - Log -INFO -  *** Chrome Browser Launched Successfully ********
2024-01-07 12:40:23,463 - Log -INFO -  *** Chrome Browser Launched Successfully ********
2024-01-07 12:40:24,255 - Log -INFO -  Entered OrangeHRM Application Url Address 
2024-01-07 12:40:24,532 - Log -INFO -  The Expected Text of the OrangeHRM Application LogIn Page is :- LOGIN Panel
2024-01-07 12:40:24,574 - Log -INFO -  The Actual Text of the OrangeHRM Application LogIn Page is :- LOGIN Panel
2024-01-07 12:40:24,581 - Log -INFO -  Successfully navigated to OrangeHRM Application LogIn Page - PASS 
2024-01-07 12:40:24,766 - Log -INFO - Admin
2024-01-07 12:40:24,899 - Log -INFO - Chandu123@01
2024-01-07 12:40:27,436 - Log -INFO -  The Expected Text of the OrangeHRM Application HomePage is :- Welcome
2024-01-07 12:40:27,510 - Log -INFO -  The Actual Text of the OrangeHRM Application HomePage is :- Welcome Admin
2024-01-07 12:40:27,514 - Log -INFO -  Successfully Navigated to OrangeHRM Application HomePage - PASS
2024-01-07 12:40:27,591 - Log -INFO -  Performed Click Operation on WelCome Admin 
2024-01-07 12:40:29,097 - Log -INFO -  Successfully LogOut from the Application 
2024-01-07 12:40:29,418 - Log -INFO -  *****  Successfully Close the Browser along with OrangeHRM Application 
2024-01-07 12:40:32,004 - Log -INFO -  *** Chrome Browser Launched Successfully ********
2024-01-07 12:40:33,909 - Log -INFO -  *** Chrome Browser Launched Successfully ********
2024-01-07 12:40:34,669 - Log -INFO -  Entered OrangeHRM Application Url Address 
2024-01-07 12:40:34,943 - Log -INFO -  The Expected Text of the OrangeHRM Application LogIn Page is :- LOGIN Panel
2024-01-07 12:40:34,971 - Log -INFO -  The Actual Text of the OrangeHRM Application LogIn Page is :- LOGIN Panel
2024-01-07 12:40:34,978 - Log -INFO -  Successfully navigated to OrangeHRM Application LogIn Page - PASS 
2024-01-07 12:40:35,162 - Log -INFO - srini
2024-01-07 12:40:35,321 - Log -INFO - Q@Trainer
2024-01-07 12:40:36,071 - Log -INFO -  The Expected Text of the OrangeHRM Application HomePage is :- Welcome
2024-01-07 12:40:46,468 - Log -INFO -  *****  Successfully Close the Browser along with OrangeHRM Application 
2024-01-07 12:40:49,061 - Log -INFO -  *** Chrome Browser Launched Successfully ********
2024-01-07 12:40:50,939 - Log -INFO -  *** Chrome Browser Launched Successfully ********
2024-01-07 12:40:51,645 - Log -INFO -  Entered OrangeHRM Application Url Address 
2024-01-07 12:40:51,935 - Log -INFO -  The Expected Text of the OrangeHRM Application LogIn Page is :- LOGIN Panel
2024-01-07 12:40:51,989 - Log -INFO -  The Actual Text of the OrangeHRM Application LogIn Page is :- LOGIN Panel
2024-01-07 12:40:51,995 - Log -INFO -  Successfully navigated to OrangeHRM Application LogIn Page - PASS 
2024-01-07 12:40:52,193 - Log -INFO - Hello
2024-01-07 12:40:52,394 - Log -INFO - Chandu123@01
2024-01-07 12:40:53,305 - Log -INFO -  The Expected Text of the OrangeHRM Application HomePage is :- Welcome
2024-01-07 12:41:03,614 - Log -INFO -  *****  Successfully Close the Browser along with OrangeHRM Application 
2024-01-07 12:41:06,460 - Log -INFO -  *** Chrome Browser Launched Successfully ********
2024-01-07 12:41:08,364 - Log -INFO -  *** Chrome Browser Launched Successfully ********
2024-01-07 12:41:09,177 - Log -INFO -  Entered OrangeHRM Application Url Address 
2024-01-07 12:41:09,459 - Log -INFO -  The Expected Text of the OrangeHRM Application LogIn Page is :- LOGIN Panel
2024-01-07 12:41:09,491 - Log -INFO -  The Actual Text of the OrangeHRM Application LogIn Page is :- LOGIN Panel
2024-01-07 12:41:09,495 - Log -INFO -  Successfully navigated to OrangeHRM Application LogIn Page - PASS 
2024-01-07 12:41:09,676 - Log -INFO - Admin
2024-01-07 12:41:09,851 - Log -INFO - Chandu123@01
2024-01-07 12:41:12,252 - Log -INFO -  The Expected Text of the OrangeHRM Application HomePage is :- Welcome
2024-01-07 12:41:12,328 - Log -INFO -  The Actual Text of the OrangeHRM Application HomePage is :- Welcome Admin
2024-01-07 12:41:12,330 - Log -INFO -  Successfully Navigated to OrangeHRM Application HomePage - PASS
2024-01-07 12:41:12,414 - Log -INFO -  Performed Click Operation on WelCome Admin 
2024-01-07 12:41:13,759 - Log -INFO -  Successfully LogOut from the Application 
2024-01-07 12:41:14,108 - Log -INFO -  *****  Successfully Close the Browser along with OrangeHRM Application 
2024-01-07 15:19:51,155 - Log -INFO -  *** Chrome Browser Launched Successfully ********
2024-01-07 15:19:53,008 - Log -INFO -  *** Chrome Browser Launched Successfully ********
2024-01-07 15:19:53,817 - Log -INFO -  Entered OrangeHRM Application Url Address 
2024-01-07 15:19:54,048 - Log -INFO -  The Expected Text of the OrangeHRM Application LogIn Page is :- LOGIN Panel
2024-01-07 15:19:54,094 - Log -INFO -  The Actual Text of the OrangeHRM Application LogIn Page is :- LOGIN Panel
2024-01-07 15:19:54,102 - Log -INFO -  Successfully navigated to OrangeHRM Application LogIn Page - PASS 
2024-01-07 15:19:54,293 - Log -INFO - Admin
2024-01-07 15:19:54,484 - Log -INFO - Chandu123@01
2024-01-07 15:20:03,390 - Log -INFO -  The Expected Text of the OrangeHRM Application HomePage is :- Welcome
2024-01-07 15:20:03,608 - Log -INFO -  The Actual Text of the OrangeHRM Application HomePage is :- Welcome Admin
2024-01-07 15:20:03,618 - Log -INFO -  Successfully Navigated to OrangeHRM Application HomePage - PASS
2024-01-07 15:20:03,778 - Log -INFO -  Performed Click Operation on WelCome Admin 
2024-01-07 15:20:06,105 - Log -INFO -  Successfully LogOut from the Application 
2024-01-07 15:20:06,440 - Log -INFO -  *****  Successfully Close the Browser along with OrangeHRM Application 
2024-01-07 15:20:09,080 - Log -INFO -  *** Chrome Browser Launched Successfully ********
2024-01-07 15:20:11,014 - Log -INFO -  *** Chrome Browser Launched Successfully ********
2024-01-07 15:20:11,771 - Log -INFO -  Entered OrangeHRM Application Url Address 
2024-01-07 15:20:12,067 - Log -INFO -  The Expected Text of the OrangeHRM Application LogIn Page is :- LOGIN Panel
2024-01-07 15:20:12,105 - Log -INFO -  The Actual Text of the OrangeHRM Application LogIn Page is :- LOGIN Panel
2024-01-07 15:20:12,109 - Log -INFO -  Successfully navigated to OrangeHRM Application LogIn Page - PASS 
2024-01-07 15:20:12,255 - Log -INFO - srini
2024-01-07 15:20:12,378 - Log -INFO - Q@Trainer
2024-01-07 15:20:13,120 - Log -INFO -  The Expected Text of the OrangeHRM Application HomePage is :- Welcome
2024-01-07 15:20:23,488 - Log -INFO -  *****  Successfully Close the Browser along with OrangeHRM Application 
2024-01-07 15:20:26,204 - Log -INFO -  *** Chrome Browser Launched Successfully ********
2024-01-07 15:20:28,027 - Log -INFO -  *** Chrome Browser Launched Successfully ********
2024-01-07 15:20:28,876 - Log -INFO -  Entered OrangeHRM Application Url Address 
2024-01-07 15:20:29,355 - Log -INFO -  The Expected Text of the OrangeHRM Application LogIn Page is :- LOGIN Panel
2024-01-07 15:20:29,393 - Log -INFO -  The Actual Text of the OrangeHRM Application LogIn Page is :- LOGIN Panel
2024-01-07 15:20:29,398 - Log -INFO -  Successfully navigated to OrangeHRM Application LogIn Page - PASS 
2024-01-07 15:20:29,551 - Log -INFO - Hello
2024-01-07 15:20:29,663 - Log -INFO - Chandu123@01
2024-01-07 15:20:30,490 - Log -INFO -  The Expected Text of the OrangeHRM Application HomePage is :- Welcome
2024-01-07 15:20:41,761 - Log -INFO -  *****  Successfully Close the Browser along with OrangeHRM Application 
2024-01-07 15:20:44,552 - Log -INFO -  *** Chrome Browser Launched Successfully ********
2024-01-07 15:20:46,757 - Log -INFO -  *** Chrome Browser Launched Successfully ********
2024-01-07 15:20:47,669 - Log -INFO -  Entered OrangeHRM Application Url Address 
2024-01-07 15:20:47,922 - Log -INFO -  The Expected Text of the OrangeHRM Application LogIn Page is :- LOGIN Panel
2024-01-07 15:20:47,951 - Log -INFO -  The Actual Text of the OrangeHRM Application LogIn Page is :- LOGIN Panel
2024-01-07 15:20:47,955 - Log -INFO -  Successfully navigated to OrangeHRM Application LogIn Page - PASS 
2024-01-07 15:20:48,127 - Log -INFO - Admin
2024-01-07 15:20:48,251 - Log -INFO - Chandu123@01
2024-01-07 15:20:50,781 - Log -INFO -  The Expected Text of the OrangeHRM Application HomePage is :- Welcome
2024-01-07 15:20:51,083 - Log -INFO -  The Actual Text of the OrangeHRM Application HomePage is :- Welcome Admin
2024-01-07 15:20:51,087 - Log -INFO -  Successfully Navigated to OrangeHRM Application HomePage - PASS
2024-01-07 15:20:51,168 - Log -INFO -  Performed Click Operation on WelCome Admin 
2024-01-07 15:20:52,405 - Log -INFO -  Successfully LogOut from the Application 
2024-01-07 15:20:52,717 - Log -INFO -  *****  Successfully Close the Browser along with OrangeHRM Application 
2024-01-11 08:08:53,327 - Log -INFO -  *** Chrome Browser Launched Successfully ********
2024-01-11 08:08:54,504 - Log -INFO -  *** Chrome Browser Launched Successfully ********
2024-01-11 08:08:55,003 - Log -INFO -  Entered OrangeHRM Application Url Address 
2024-01-11 08:08:55,203 - Log -INFO -  The Expected Text of the OrangeHRM Application LogIn Page is :- LOGIN Panel
2024-01-11 08:08:55,243 - Log -INFO -  The Actual Text of the OrangeHRM Application LogIn Page is :- LOGIN Panel
2024-01-11 08:08:55,249 - Log -INFO -  Successfully navigated to OrangeHRM Application LogIn Page - PASS 
2024-01-11 08:08:55,346 - Log -INFO - Admin
2024-01-11 08:08:55,429 - Log -INFO - Chandu123@01
2024-01-11 08:08:56,539 - Log -INFO -  The Expected Text of the OrangeHRM Application HomePage is :- Welcome
2024-01-11 08:08:56,616 - Log -INFO -  The Actual Text of the OrangeHRM Application HomePage is :- Welcome Admin
2024-01-11 08:08:56,620 - Log -INFO -  Successfully Navigated to OrangeHRM Application HomePage - PASS
2024-01-11 08:08:56,693 - Log -INFO -  Performed Click Operation on WelCome Admin 
2024-01-11 08:08:57,420 - Log -INFO -  Successfully LogOut from the Application 
2024-01-11 08:08:57,657 - Log -INFO -  *****  Successfully Close the Browser along with OrangeHRM Application 
2024-01-11 08:08:59,317 - Log -INFO -  *** Chrome Browser Launched Successfully ********
2024-01-11 08:09:00,713 - Log -INFO -  *** Chrome Browser Launched Successfully ********
2024-01-11 08:09:01,496 - Log -INFO -  Entered OrangeHRM Application Url Address 
2024-01-11 08:09:01,832 - Log -INFO -  The Expected Text of the OrangeHRM Application LogIn Page is :- LOGIN Panel
2024-01-11 08:09:01,854 - Log -INFO -  The Actual Text of the OrangeHRM Application LogIn Page is :- LOGIN Panel
2024-01-11 08:09:01,857 - Log -INFO -  Successfully navigated to OrangeHRM Application LogIn Page - PASS 
2024-01-11 08:09:01,974 - Log -INFO - srini
2024-01-11 08:09:02,055 - Log -INFO - Q@Trainer
2024-01-11 08:09:02,557 - Log -INFO -  The Expected Text of the OrangeHRM Application HomePage is :- Welcome
2024-01-11 08:09:12,797 - Log -INFO -  *****  Successfully Close the Browser along with OrangeHRM Application 
2024-01-11 08:09:14,779 - Log -INFO -  *** Chrome Browser Launched Successfully ********
2024-01-11 08:09:16,639 - Log -INFO -  *** Chrome Browser Launched Successfully ********
2024-01-11 08:09:17,481 - Log -INFO -  Entered OrangeHRM Application Url Address 
2024-01-11 08:09:17,764 - Log -INFO -  The Expected Text of the OrangeHRM Application LogIn Page is :- LOGIN Panel
2024-01-11 08:09:17,804 - Log -INFO -  The Actual Text of the OrangeHRM Application LogIn Page is :- LOGIN Panel
2024-01-11 08:09:17,808 - Log -INFO -  Successfully navigated to OrangeHRM Application LogIn Page - PASS 
2024-01-11 08:09:17,932 - Log -INFO - Hello
2024-01-11 08:09:18,045 - Log -INFO - Chandu123@01
2024-01-11 08:09:18,453 - Log -INFO -  The Expected Text of the OrangeHRM Application HomePage is :- Welcome
2024-01-11 08:09:28,785 - Log -INFO -  *****  Successfully Close the Browser along with OrangeHRM Application 
2024-01-11 08:09:30,440 - Log -INFO -  *** Chrome Browser Launched Successfully ********
2024-01-11 08:09:31,916 - Log -INFO -  *** Chrome Browser Launched Successfully ********
2024-01-11 08:09:32,536 - Log -INFO -  Entered OrangeHRM Application Url Address 
2024-01-11 08:09:32,785 - Log -INFO -  The Expected Text of the OrangeHRM Application LogIn Page is :- LOGIN Panel
2024-01-11 08:09:32,821 - Log -INFO -  The Actual Text of the OrangeHRM Application LogIn Page is :- LOGIN Panel
2024-01-11 08:09:32,824 - Log -INFO -  Successfully navigated to OrangeHRM Application LogIn Page - PASS 
2024-01-11 08:09:32,955 - Log -INFO - Admin
2024-01-11 08:09:33,057 - Log -INFO - Chandu123@01
2024-01-11 08:09:34,410 - Log -INFO -  The Expected Text of the OrangeHRM Application HomePage is :- Welcome
2024-01-11 08:09:34,590 - Log -INFO -  The Actual Text of the OrangeHRM Application HomePage is :- Welcome Admin
2024-01-11 08:09:34,602 - Log -INFO -  Successfully Navigated to OrangeHRM Application HomePage - PASS
2024-01-11 08:09:34,677 - Log -INFO -  Performed Click Operation on WelCome Admin 
2024-01-11 08:09:35,628 - Log -INFO -  Successfully LogOut from the Application 
2024-01-11 08:09:35,861 - Log -INFO -  *****  Successfully Close the Browser along with OrangeHRM Application 
