[main] INFO Log - Browser Lunched Successfully
[main] INFO Log - Wel Come To Login Page
[main] INFO Log - LoginPannel is Captured Sucessfully =LOGIN Panel
[main] INFO Log - Browser Lunched Successfully
[main] INFO Log - Wel Come To Login Page
[main] INFO Log - LoginPannel is Captured Sucessfully =LOGIN Panel
[main] INFO Log - Browser Lunched Successfully
[main] INFO Log - Wel Come To Login Page
[main] INFO Log - LoginPannel is Captured Sucessfully =LOGIN Panel
[main] INFO Log - Browser Lunched Successfully
[main] INFO Log - Wel Come To Login Page
[main] INFO Log - LoginPannel is Captured Sucessfully =LOGIN Panel
[main] INFO Log - Browser Lunched Successfully
[main] INFO Log - Wel Come To Login Page
[main] INFO Log - LoginPannel is Captured Sucessfully =LOGIN Panel
[main] INFO Log - Login Detials are Correct
[main] INFO Log - Welcome to DashBoard :Dashboard
[main] INFO Log - Welcome Menu Access succesfully
[main] INFO Log - Browser Lunched Successfully
[main] INFO Log - Wel Come To Login Page
[main] INFO Log - LoginPannel is Captured Sucessfully =LOGIN Panel
[main] INFO Log - Browser Lunched Successfully
[main] INFO Log - Wel Come To Login Page
[main] INFO Log - LoginPannel is Captured Sucessfully =LOGIN Panel
[main] INFO Log - Login Detials are Correct
[main] INFO Log - Welcome to DashBoard :Dashboard
[main] INFO Log - Welcome Menu Access succesfully
[main] INFO Log - LoginPannel is Captured Sucessfully =LOGIN Panel
[main] INFO Log - Browser Lunched Successfully
[main] INFO Log - Wel Come To Login Page
[main] INFO Log - LoginPannel is Captured Sucessfully =LOGIN Panel
[main] INFO Log - Browser Lunched Successfully
[main] INFO Log - Wel Come To Login Page
[main] INFO Log - LoginPannel is Captured Sucessfully =LOGIN Panel
[main] INFO Log - Login Detials are Correct
[main] INFO Log - Welcome to DashBoard :Dashboard
[main] INFO Log - Welcome Menu Access succesfully
[main] INFO Log - LoginPannel is Captured Sucessfully =LOGIN Panel
[main] INFO Log - Wel Come To Login Page
[main] INFO Log - Wel Come To Login Page
[main] INFO Log - Wel Come To Login Page
[main] INFO Log - Wel Come To Login Page
[main] INFO Log - Browser Lunched Successfully
[main] INFO Log - Wel Come To Login Page
[main] INFO Log - LoginPannel is Captured Sucessfully =LOGIN Panel
[main] INFO Log - Browser Lunched Successfully
[main] INFO Log - Wel Come To Login Page
[main] INFO Log - LoginPannel is Captured Sucessfully =LOGIN Panel
[main] INFO Log - Login Detials are Correct
[main] INFO Log - Welcome to DashBoard :Dashboard
[main] INFO Log - Welcome Menu Access succesfully
[main] INFO Log - LoginPannel is Captured Sucessfully =LOGIN Panel
[main] INFO Log - Wel Come To Login Page
[main] INFO Log - Wel Come To Login Page
[main] INFO Log - Wel Come To Login Page
[main] INFO Log - Wel Come To Login Page
[main] INFO Log - Browser Lunched Successfully
[main] INFO Log - Wel Come To Login Page
[main] INFO Log - LoginPannel is Captured Sucessfully =LOGIN Panel
[main] INFO Log - Browser Lunched Successfully
[main] INFO Log - Wel Come To Login Page
[main] INFO Log - LoginPannel is Captured Sucessfully =LOGIN Panel
[main] INFO Log - Login Detials are Correct
[main] INFO Log - Welcome to DashBoard :Dashboard
[main] INFO Log - Welcome Menu Access succesfully
[main] INFO Log - LoginPannel is Captured Sucessfully =LOGIN Panel
[main] INFO Log - Wel Come To Login Page
[main] INFO Log - Wel Come To Login Page
[main] INFO Log - Wel Come To Login Page
[main] INFO Log - Wel Come To Login Page
[main] INFO Log - Browser Lunched Successfully
[main] INFO Log - Wel Come To Login Page
[main] INFO Log - LoginPannel is Captured Sucessfully =LOGIN Panel
[main] INFO Log - Browser Lunched Successfully
[main] INFO Log - Wel Come To Login Page
[main] INFO Log - LoginPannel is Captured Sucessfully =LOGIN Panel
[main] INFO Log - Login Detials are Correct
[main] INFO Log - Welcome to DashBoard :Dashboard
[main] INFO Log - Welcome Menu Access succesfully
[main] INFO Log - LoginPannel is Captured Sucessfully =LOGIN Panel
[main] INFO Log - Wel Come To Login Page
[main] INFO Log - Wel Come To Login Page
[main] INFO Log - Wel Come To Login Page
[main] INFO Log - Wel Come To Login Page
[main] INFO Log - Browser Lunched Successfully
[main] INFO Log - Wel Come To Login Page
[main] INFO Log - LoginPannel is Captured Sucessfully =LOGIN Panel
[main] INFO Log - Completed the Operation
[main] INFO Log - Browser Lunched Successfully
[main] INFO Log - Wel Come To Login Page
[main] INFO Log - LoginPannel is Captured Sucessfully =LOGIN Panel
[main] INFO Log - Login Detials are Correct
[main] INFO Log - Welcome to DashBoard :Dashboard
[main] INFO Log - Welcome Menu Access succesfully
[main] INFO Log - LoginPannel is Captured Sucessfully =LOGIN Panel
[main] INFO Log - Completed the Operation
[main] INFO Log - Wel Come To Login Page
[main] INFO Log - LoginPannel is Captured Sucessfully =LOGIN Panel
[main] INFO Log - srini
[main] INFO Log - Q@Trainer7
[main] INFO Log - Wel Come To Login Page
[main] INFO Log - LoginPannel is Captured Sucessfully =LOGIN Panel
[main] INFO Log - srini
[main] INFO Log - Q@Trainer
[main] INFO Log - Wel Come To Login Page
[main] INFO Log - LoginPannel is Captured Sucessfully =LOGIN Panel
[main] INFO Log - Hello
[main] INFO Log - Chello
[main] INFO Log - Wel Come To Login Page
[main] INFO Log - LoginPannel is Captured Sucessfully =LOGIN Panel
[main] INFO Log - srini
[main] INFO Log - Q@Trainer7
[main] INFO Log -  *** Chrome Browser Launched Successfully ********
[main] INFO Log -  *****  Successfully Close the Browser along with OrangeHRM Application 
[main] INFO Log -  *** Chrome Browser Launched Successfully ********
[main] INFO Log -  *****  Successfully Close the Browser along with OrangeHRM Application 
[main] INFO Log -  *** Chrome Browser Launched Successfully ********
[main] INFO Log -  *****  Successfully Close the Browser along with OrangeHRM Application 
[main] INFO Log -  *** Chrome Browser Launched Successfully ********
[main] INFO Log -  *****  Successfully Close the Browser along with OrangeHRM Application 
[main] INFO Log -  *** Chrome Browser Launched Successfully ********
[main] INFO Log -  *****  Successfully Close the Browser along with OrangeHRM Application 
[main] INFO Log -  *** Chrome Browser Launched Successfully ********
[main] INFO Log -  *****  Successfully Close the Browser along with OrangeHRM Application 
[main] INFO Log -  *** Chrome Browser Launched Successfully ********
[main] INFO Log -  *****  Successfully Close the Browser along with OrangeHRM Application 
[main] INFO Log -  *** Chrome Browser Launched Successfully ********
[main] INFO Log -  *****  Successfully Close the Browser along with OrangeHRM Application 
[main] INFO Log -  *** Chrome Browser Launched Successfully ********
[main] INFO Log -  *****  Successfully Close the Browser along with OrangeHRM Application 
[main] INFO Log -  *** Chrome Browser Launched Successfully ********
[main] INFO Log -  *****  Successfully Close the Browser along with OrangeHRM Application 
[main] INFO Log -  *** Chrome Browser Launched Successfully ********
[main] INFO Log -  *****  Successfully Close the Browser along with OrangeHRM Application 
[main] INFO Log -  *** Chrome Browser Launched Successfully ********
[main] INFO Log -  *****  Successfully Close the Browser along with OrangeHRM Application 
