2024-01-04 20:56:27,549 - Log -INFO - Browser Lunched Successfully
2024-01-04 20:56:27,563 - Log -INFO - Wel Come To Login Page
2024-01-04 20:56:27,623 - Log -INFO - LoginPannel is Captured Sucessfully =LOGIN Panel
2024-01-04 20:57:15,457 - Log -INFO - Browser Lunched Successfully
2024-01-04 20:57:15,471 - Log -INFO - Wel Come To Login Page
2024-01-04 20:57:15,521 - Log -INFO - LoginPannel is Captured Sucessfully =LOGIN Panel
2024-01-04 20:57:17,761 - Log -INFO - Browser Lunched Successfully
2024-01-04 20:57:17,775 - Log -INFO - Wel Come To Login Page
2024-01-04 20:57:18,024 - Log -INFO - LoginPannel is Captured Sucessfully =LOGIN Panel
2024-01-04 21:06:41,663 - Log -INFO - Browser Lunched Successfully
2024-01-04 21:06:41,688 - Log -INFO - Wel Come To Login Page
2024-01-04 21:06:41,749 - Log -INFO - LoginPannel is Captured Sucessfully =LOGIN Panel
2024-01-04 21:06:44,686 - Log -INFO - Browser Lunched Successfully
2024-01-04 21:06:44,691 - Log -INFO - Wel Come To Login Page
2024-01-04 21:06:44,805 - Log -INFO - LoginPannel is Captured Sucessfully =LOGIN Panel
2024-01-04 21:06:47,693 - Log -INFO - Login Detials are Correct
2024-01-04 21:06:47,874 - Log -INFO - Welcome to DashBoard :Dashboard
2024-01-04 21:06:47,983 - Log -INFO - Welcome Menu Access succesfully
2024-01-04 21:08:26,491 - Log -INFO - Browser Lunched Successfully
2024-01-04 21:08:26,707 - Log -INFO - Wel Come To Login Page
2024-01-04 21:08:26,787 - Log -INFO - LoginPannel is Captured Sucessfully =LOGIN Panel
2024-01-04 21:08:29,490 - Log -INFO - Browser Lunched Successfully
2024-01-04 21:08:29,955 - Log -INFO - Wel Come To Login Page
2024-01-04 21:08:30,000 - Log -INFO - LoginPannel is Captured Sucessfully =LOGIN Panel
2024-01-04 21:08:32,797 - Log -INFO - Login Detials are Correct
2024-01-04 21:08:32,986 - Log -INFO - Welcome to DashBoard :Dashboard
2024-01-04 21:08:33,109 - Log -INFO - Welcome Menu Access succesfully
2024-01-04 21:08:34,478 - Log -INFO - LoginPannel is Captured Sucessfully =LOGIN Panel
2024-01-04 21:09:57,132 - Log -INFO - Browser Lunched Successfully
2024-01-04 21:09:57,345 - Log -INFO - Wel Come To Login Page
2024-01-04 21:09:57,433 - Log -INFO - LoginPannel is Captured Sucessfully =LOGIN Panel
2024-01-04 21:10:00,392 - Log -INFO - Browser Lunched Successfully
2024-01-04 21:10:00,583 - Log -INFO - Wel Come To Login Page
2024-01-04 21:10:00,691 - Log -INFO - LoginPannel is Captured Sucessfully =LOGIN Panel
2024-01-04 21:10:03,427 - Log -INFO - Login Detials are Correct
2024-01-04 21:10:03,675 - Log -INFO - Welcome to DashBoard :Dashboard
2024-01-04 21:10:03,799 - Log -INFO - Welcome Menu Access succesfully
2024-01-04 21:10:05,052 - Log -INFO - LoginPannel is Captured Sucessfully =LOGIN Panel
2024-01-04 21:10:05,481 - Log -INFO - Wel Come To Login Page
2024-01-04 21:10:05,520 - Log -INFO - Wel Come To Login Page
2024-01-04 21:10:05,539 - Log -INFO - Wel Come To Login Page
2024-01-04 21:10:05,564 - Log -INFO - Wel Come To Login Page
2024-01-04 21:10:51,524 - Log -INFO - Browser Lunched Successfully
2024-01-04 21:10:51,683 - Log -INFO - Wel Come To Login Page
2024-01-04 21:10:51,757 - Log -INFO - LoginPannel is Captured Sucessfully =LOGIN Panel
2024-01-04 21:10:54,541 - Log -INFO - Browser Lunched Successfully
2024-01-04 21:10:54,770 - Log -INFO - Wel Come To Login Page
2024-01-04 21:10:54,850 - Log -INFO - LoginPannel is Captured Sucessfully =LOGIN Panel
2024-01-04 21:10:57,591 - Log -INFO - Login Detials are Correct
2024-01-04 21:10:57,859 - Log -INFO - Welcome to DashBoard :Dashboard
2024-01-04 21:10:57,959 - Log -INFO - Welcome Menu Access succesfully
2024-01-04 21:10:59,187 - Log -INFO - LoginPannel is Captured Sucessfully =LOGIN Panel
2024-01-04 21:10:59,653 - Log -INFO - Wel Come To Login Page
2024-01-04 21:10:59,692 - Log -INFO - Wel Come To Login Page
2024-01-04 21:10:59,710 - Log -INFO - Wel Come To Login Page
2024-01-04 21:10:59,741 - Log -INFO - Wel Come To Login Page
2024-01-04 21:26:52,041 - Log -INFO - Browser Lunched Successfully
2024-01-04 21:26:52,255 - Log -INFO - Wel Come To Login Page
2024-01-04 21:26:52,336 - Log -INFO - LoginPannel is Captured Sucessfully =LOGIN Panel
2024-01-04 21:26:55,284 - Log -INFO - Browser Lunched Successfully
2024-01-04 21:26:55,494 - Log -INFO - Wel Come To Login Page
2024-01-04 21:26:55,588 - Log -INFO - LoginPannel is Captured Sucessfully =LOGIN Panel
2024-01-04 21:26:58,391 - Log -INFO - Login Detials are Correct
2024-01-04 21:26:58,544 - Log -INFO - Welcome to DashBoard :Dashboard
2024-01-04 21:26:58,749 - Log -INFO - Welcome Menu Access succesfully
2024-01-04 21:26:59,977 - Log -INFO - LoginPannel is Captured Sucessfully =LOGIN Panel
2024-01-04 21:27:00,409 - Log -INFO - Wel Come To Login Page
2024-01-04 21:27:00,480 - Log -INFO - Wel Come To Login Page
2024-01-04 21:27:00,501 - Log -INFO - Wel Come To Login Page
2024-01-04 21:27:00,515 - Log -INFO - Wel Come To Login Page
2024-01-04 21:28:57,579 - Log -INFO - Browser Lunched Successfully
2024-01-04 21:28:57,795 - Log -INFO - Wel Come To Login Page
2024-01-04 21:28:57,884 - Log -INFO - LoginPannel is Captured Sucessfully =LOGIN Panel
2024-01-04 21:29:00,768 - Log -INFO - Browser Lunched Successfully
2024-01-04 21:29:01,005 - Log -INFO - Wel Come To Login Page
2024-01-04 21:29:01,083 - Log -INFO - LoginPannel is Captured Sucessfully =LOGIN Panel
2024-01-04 21:29:03,873 - Log -INFO - Login Detials are Correct
2024-01-04 21:29:04,007 - Log -INFO - Welcome to DashBoard :Dashboard
2024-01-04 21:29:04,200 - Log -INFO - Welcome Menu Access succesfully
2024-01-04 21:29:05,422 - Log -INFO - LoginPannel is Captured Sucessfully =LOGIN Panel
2024-01-04 21:29:05,840 - Log -INFO - Wel Come To Login Page
2024-01-04 21:29:05,879 - Log -INFO - Wel Come To Login Page
2024-01-04 21:29:05,898 - Log -INFO - Wel Come To Login Page
2024-01-04 21:29:05,915 - Log -INFO - Wel Come To Login Page
2024-01-04 21:30:12,637 - Log -INFO - Browser Lunched Successfully
2024-01-04 21:30:12,877 - Log -INFO - Wel Come To Login Page
2024-01-04 21:30:12,943 - Log -INFO - LoginPannel is Captured Sucessfully =LOGIN Panel
2024-01-04 21:30:12,951 - Log -INFO - Completed the Operation
2024-01-04 21:30:15,528 - Log -INFO - Browser Lunched Successfully
2024-01-04 21:30:15,757 - Log -INFO - Wel Come To Login Page
2024-01-04 21:30:15,829 - Log -INFO - LoginPannel is Captured Sucessfully =LOGIN Panel
2024-01-04 21:30:18,786 - Log -INFO - Login Detials are Correct
2024-01-04 21:30:18,935 - Log -INFO - Welcome to DashBoard :Dashboard
2024-01-04 21:30:19,148 - Log -INFO - Welcome Menu Access succesfully
2024-01-04 21:30:20,425 - Log -INFO - LoginPannel is Captured Sucessfully =LOGIN Panel
2024-01-04 21:30:20,432 - Log -INFO - Completed the Operation
2024-01-04 21:30:20,456 - Log -INFO - Wel Come To Login Page
2024-01-04 21:30:20,491 - Log -INFO - LoginPannel is Captured Sucessfully =LOGIN Panel
2024-01-04 21:30:20,596 - Log -INFO - srini
2024-01-04 21:30:20,745 - Log -INFO - Q@Trainer7
2024-01-04 21:30:26,564 - Log -INFO - Wel Come To Login Page
2024-01-04 21:30:26,613 - Log -INFO - LoginPannel is Captured Sucessfully =LOGIN Panel
2024-01-04 21:30:26,754 - Log -INFO - srini
2024-01-04 21:30:26,909 - Log -INFO - Q@Trainer
2024-01-04 21:30:32,605 - Log -INFO - Wel Come To Login Page
2024-01-04 21:30:32,645 - Log -INFO - LoginPannel is Captured Sucessfully =LOGIN Panel
2024-01-04 21:30:32,763 - Log -INFO - Hello
2024-01-04 21:30:32,864 - Log -INFO - Chello
2024-01-04 21:30:38,453 - Log -INFO - Wel Come To Login Page
2024-01-04 21:30:38,506 - Log -INFO - LoginPannel is Captured Sucessfully =LOGIN Panel
2024-01-04 21:30:38,687 - Log -INFO - srini
2024-01-04 21:30:38,838 - Log -INFO - Q@Trainer7
2024-01-04 21:36:33,517 - Log -INFO -  *** Chrome Browser Launched Successfully ********
2024-01-04 21:36:33,903 - Log -INFO -  *****  Successfully Close the Browser along with OrangeHRM Application 
2024-01-04 21:36:35,522 - Log -INFO -  *** Chrome Browser Launched Successfully ********
2024-01-04 21:36:35,887 - Log -INFO -  *****  Successfully Close the Browser along with OrangeHRM Application 
2024-01-04 21:36:37,473 - Log -INFO -  *** Chrome Browser Launched Successfully ********
2024-01-04 21:36:37,936 - Log -INFO -  *****  Successfully Close the Browser along with OrangeHRM Application 
2024-01-04 21:36:39,611 - Log -INFO -  *** Chrome Browser Launched Successfully ********
2024-01-04 21:36:39,999 - Log -INFO -  *****  Successfully Close the Browser along with OrangeHRM Application 
2024-01-04 21:36:41,923 - Log -INFO -  *** Chrome Browser Launched Successfully ********
2024-01-04 21:36:42,311 - Log -INFO -  *****  Successfully Close the Browser along with OrangeHRM Application 
2024-01-04 21:36:44,012 - Log -INFO -  *** Chrome Browser Launched Successfully ********
2024-01-04 21:36:44,320 - Log -INFO -  *****  Successfully Close the Browser along with OrangeHRM Application 
2024-01-07 11:51:22,202 - Log -INFO -  *** Chrome Browser Launched Successfully ********
2024-01-07 11:51:22,647 - Log -INFO -  *****  Successfully Close the Browser along with OrangeHRM Application 
2024-01-07 11:51:24,431 - Log -INFO -  *** Chrome Browser Launched Successfully ********
2024-01-07 11:51:24,748 - Log -INFO -  *****  Successfully Close the Browser along with OrangeHRM Application 
2024-01-07 11:51:26,687 - Log -INFO -  *** Chrome Browser Launched Successfully ********
2024-01-07 11:51:27,138 - Log -INFO -  *****  Successfully Close the Browser along with OrangeHRM Application 
2024-01-07 11:51:28,749 - Log -INFO -  *** Chrome Browser Launched Successfully ********
2024-01-07 11:51:29,185 - Log -INFO -  *****  Successfully Close the Browser along with OrangeHRM Application 
2024-01-07 11:51:30,866 - Log -INFO -  *** Chrome Browser Launched Successfully ********
2024-01-07 11:51:31,308 - Log -INFO -  *****  Successfully Close the Browser along with OrangeHRM Application 
2024-01-07 11:51:33,140 - Log -INFO -  *** Chrome Browser Launched Successfully ********
2024-01-07 11:51:33,556 - Log -INFO -  *****  Successfully Close the Browser along with OrangeHRM Application 
